{"level":"error","message":"Error occurred","timestamp":"2022-03-19 03:42:27 PM +0530"}
{"level":"error","message":"Invalid values in the form","timestamp":"2022-03-19 03:42:27 PM +0530"}
{"level":"error","message":"Error occurred","timestamp":"2022-03-19 03:43:00 PM +0530"}
{"level":"error","message":"Invalid values in the form","timestamp":"2022-03-19 03:43:00 PM +0530"}
{"level":"error","message":"Error in register: ","timestamp":"2022-03-19 03:44:16 PM +0530"}
{"level":"error","message":"Error occurred","timestamp":"2022-03-19 03:44:16 PM +0530"}
{"level":"error","message":"Invalid values in the form","timestamp":"2022-03-19 03:44:16 PM +0530"}
{"0":{"location":"body","msg":"Invalid value","param":"firstName"},"1":{"location":"body","msg":"Invalid value","param":"lastName"},"2":{"location":"body","msg":"Invalid value","param":"email"},"3":{"location":"body","msg":"Invalid value","param":"password"},"level":"error","message":"Error in register: ","timestamp":"2022-03-19 03:44:33 PM +0530"}
{"level":"error","message":"Error occurred","timestamp":"2022-03-19 03:44:33 PM +0530"}
{"level":"error","message":"Invalid values in the form","timestamp":"2022-03-19 03:44:33 PM +0530"}
{"0":{"location":"body","msg":"Invalid value","param":"firstName"},"1":{"location":"body","msg":"Invalid value","param":"lastName"},"2":{"location":"body","msg":"Invalid value","param":"email"},"3":{"location":"body","msg":"Invalid value","param":"password"},"level":"error","message":"Error in register: ","timestamp":"2022-03-19 03:46:43 PM +0530"}
{"level":"error","message":"Error occurred","timestamp":"2022-03-19 03:46:43 PM +0530"}
{"level":"error","message":"Invalid values in the form","timestamp":"2022-03-19 03:46:43 PM +0530"}
{"0":{"location":"body","msg":"Invalid value","param":"firstName"},"1":{"location":"body","msg":"Invalid value","param":"lastName"},"2":{"location":"body","msg":"Invalid value","param":"email"},"3":{"location":"body","msg":"Invalid value","param":"password"},"level":"error","message":"Error in register: ","timestamp":"2022-03-19 03:47:03 PM +0530"}
{"level":"error","message":"Error occurred","timestamp":"2022-03-19 03:47:03 PM +0530"}
{"level":"error","message":"Invalid values in the form","timestamp":"2022-03-19 03:47:03 PM +0530"}
{"0":{"location":"body","msg":"Invalid value","param":"firstName"},"1":{"location":"body","msg":"Invalid value","param":"lastName"},"2":{"location":"body","msg":"Invalid value","param":"email"},"3":{"location":"body","msg":"Invalid value","param":"password"},"level":"error","message":"Error in register: ","timestamp":"2022-03-19 03:47:14 PM +0530"}
{"level":"error","message":"Error occurred","timestamp":"2022-03-19 03:47:14 PM +0530"}
{"level":"error","message":"Invalid values in the form","timestamp":"2022-03-19 03:47:15 PM +0530"}
{"0":{"location":"body","msg":"Invalid value","param":"firstName"},"1":{"location":"body","msg":"Invalid value","param":"lastName"},"2":{"location":"body","msg":"Invalid value","param":"email"},"3":{"location":"body","msg":"Invalid value","param":"password"},"level":"error","message":"Error in register: ","timestamp":"2022-03-19 03:50:50 PM +0530"}
{"level":"error","message":"Error occurred","timestamp":"2022-03-19 03:50:50 PM +0530"}
{"level":"error","message":"Invalid values in the form","timestamp":"2022-03-19 03:50:50 PM +0530"}
{"0":{"location":"body","msg":"Invalid value","param":"firstName"},"1":{"location":"body","msg":"Invalid value","param":"lastName"},"2":{"location":"body","msg":"Invalid value","param":"email"},"3":{"location":"body","msg":"Invalid value","param":"password"},"level":"error","message":"Error in register: ","timestamp":"2022-03-19 03:51:29 PM +0530"}
{"level":"error","message":"Error occurred","timestamp":"2022-03-19 03:51:29 PM +0530"}
{"level":"error","message":"Invalid values in the form","timestamp":"2022-03-19 03:51:29 PM +0530"}
{"level":"error","message":"Error occurred","timestamp":"2022-03-19 03:53:00 PM +0530"}
{"level":"error","message":"Server error occurred","timestamp":"2022-03-19 03:53:00 PM +0530"}
{"level":"error","message":"Error occurred","timestamp":"2022-03-19 03:53:15 PM +0530"}
{"level":"error","message":"Server error occurred","timestamp":"2022-03-19 03:53:15 PM +0530"}
{"level":"error","message":"Error occurred","timestamp":"2022-03-19 03:56:39 PM +0530"}
{"level":"error","message":"Server error occurred","timestamp":"2022-03-19 03:56:39 PM +0530"}
{"level":"error","message":"Error occurred","timestamp":"2022-03-19 04:01:23 PM +0530"}
{"level":"error","message":"Server error occurred","timestamp":"2022-03-19 04:01:23 PM +0530"}
{"level":"error","message":"Error occurred","timestamp":"2022-03-19 04:01:50 PM +0530"}
{"level":"error","message":"Server error occurred","timestamp":"2022-03-19 04:01:50 PM +0530"}
{"level":"error","message":"Error occurred","timestamp":"2022-03-19 04:03:40 PM +0530"}
{"level":"error","message":"Server error occurred","timestamp":"2022-03-19 04:03:40 PM +0530"}
{"level":"error","message":"Error occurred","timestamp":"2022-03-19 04:04:06 PM +0530"}
{"level":"error","message":"Server error occurred","timestamp":"2022-03-19 04:04:06 PM +0530"}
{"0":{"location":"body","msg":"Invalid value","param":"firstName"},"1":{"location":"body","msg":"Invalid value","param":"phoneNumber"},"2":{"location":"body","msg":"Invalid value","param":"email"},"3":{"location":"body","msg":"Invalid value","param":"password"},"level":"error","message":"Error in register: ","timestamp":"2022-03-19 04:04:57 PM +0530"}
{"level":"error","message":"Error occurred","timestamp":"2022-03-19 04:04:57 PM +0530"}
{"level":"error","message":"Invalid values in the form","timestamp":"2022-03-19 04:04:57 PM +0530"}
{"0":{"location":"body","msg":"Invalid value","param":"firstName"},"1":{"location":"body","msg":"Invalid value","param":"phoneNumber"},"2":{"location":"body","msg":"Invalid value","param":"email"},"3":{"location":"body","msg":"Invalid value","param":"password"},"level":"error","message":"Error in register: ","timestamp":"2022-03-19 04:05:23 PM +0530"}
{"level":"error","message":"Error occurred","timestamp":"2022-03-19 04:05:23 PM +0530"}
{"level":"error","message":"Invalid values in the form","timestamp":"2022-03-19 04:05:23 PM +0530"}
{"0":{"location":"body","msg":"Invalid value","param":"phoneNumber"},"level":"error","message":"Error in register: ","timestamp":"2022-03-19 04:09:18 PM +0530"}
{"level":"error","message":"Error occurred","timestamp":"2022-03-19 04:09:18 PM +0530"}
{"level":"error","message":"Invalid values in the form","timestamp":"2022-03-19 04:09:18 PM +0530"}
{"level":"error","message":"Failed while registering the user\"_phoneNumber is not defined\"","timestamp":"2022-03-19 04:10:05 PM +0530"}
{"level":"error","message":"Error occurred","timestamp":"2022-03-19 04:10:05 PM +0530"}
{"level":"error","message":"Server error occurred","timestamp":"2022-03-19 04:10:05 PM +0530"}
{"level":"error","message":"Failed while registering the user\"_phoneNumber is not defined\"","timestamp":"2022-03-19 04:10:27 PM +0530"}
{"level":"error","message":"Error occurred","timestamp":"2022-03-19 04:10:27 PM +0530"}
{"level":"error","message":"Server error occurred","timestamp":"2022-03-19 04:10:27 PM +0530"}
{"level":"error","message":"Error occurred","timestamp":"2022-03-19 04:14:23 PM +0530"}
{"level":"error","message":"No auth token found in the request","timestamp":"2022-03-19 04:14:23 PM +0530"}
{"level":"error","message":"Error occurred","timestamp":"2022-03-19 04:22:22 PM +0530"}
{"level":"error","message":"No auth token found in the request","timestamp":"2022-03-19 04:22:22 PM +0530"}
{"level":"error","message":"Error occurred","timestamp":"2022-03-19 04:25:06 PM +0530"}
{"level":"error","message":"invalid token","timestamp":"2022-03-19 04:25:06 PM +0530"}
{"level":"error","message":"Error occurred","timestamp":"2022-03-19 04:25:12 PM +0530"}
{"level":"error","message":"invalid token","timestamp":"2022-03-19 04:25:12 PM +0530"}
{"level":"error","message":"Unable to delete the product at the moment","timestamp":"2022-03-19 04:36:16 PM +0530"}
{"level":"error","timestamp":"2022-03-19 04:36:16 PM +0530"}
{"level":"error","message":"Error occurred","timestamp":"2022-03-19 04:36:16 PM +0530"}
{"level":"error","message":"Server Error Occured","timestamp":"2022-03-19 04:36:16 PM +0530"}
{"level":"error","message":"Unable to delete the product at the moment","timestamp":"2022-03-19 04:37:57 PM +0530"}
{"level":"error","timestamp":"2022-03-19 04:37:57 PM +0530"}
{"level":"error","message":"Error occurred","timestamp":"2022-03-19 04:37:57 PM +0530"}
{"level":"error","message":"Server Error Occured","timestamp":"2022-03-19 04:37:57 PM +0530"}
{"level":"error","message":"Unable to delete the product at the moment","timestamp":"2022-03-19 04:39:02 PM +0530"}
{"level":"error","timestamp":"2022-03-19 04:39:02 PM +0530"}
{"level":"error","message":"Error occurred","timestamp":"2022-03-19 04:39:02 PM +0530"}
{"level":"error","message":"Server Error Occured","timestamp":"2022-03-19 04:39:02 PM +0530"}
{"level":"error","message":"Unable to delete the product at the moment","timestamp":"2022-03-19 04:39:56 PM +0530"}
{"level":"error","timestamp":"2022-03-19 04:39:56 PM +0530"}
{"level":"error","message":"Error occurred","timestamp":"2022-03-19 04:39:56 PM +0530"}
{"level":"error","message":"Server Error Occured","timestamp":"2022-03-19 04:39:56 PM +0530"}
{"level":"error","message":"Error occurred","timestamp":"2022-03-19 04:42:47 PM +0530"}
{"level":"error","message":"jwt expired","timestamp":"2022-03-19 04:42:47 PM +0530"}
{"level":"error","message":"Unable to get the product at the moment","timestamp":"2022-03-19 04:45:53 PM +0530"}
{"level":"error","timestamp":"2022-03-19 04:45:53 PM +0530"}
{"level":"error","message":"Error occurred","timestamp":"2022-03-19 04:45:53 PM +0530"}
{"level":"error","message":"Server Error Occured","timestamp":"2022-03-19 04:45:53 PM +0530"}
{"level":"error","message":"Unable to get the product at the moment","timestamp":"2022-03-19 04:48:23 PM +0530"}
{"level":"error","timestamp":"2022-03-19 04:48:23 PM +0530"}
{"level":"error","message":"Error occurred","timestamp":"2022-03-19 04:48:23 PM +0530"}
{"level":"error","message":"Server Error Occured","timestamp":"2022-03-19 04:48:23 PM +0530"}
{"level":"error","message":"Unable to get the product at the moment","timestamp":"2022-03-19 04:50:13 PM +0530"}
{"level":"error","timestamp":"2022-03-19 04:50:13 PM +0530"}
{"level":"error","message":"Error occurred","timestamp":"2022-03-19 04:50:13 PM +0530"}
{"level":"error","message":"Server Error Occured","timestamp":"2022-03-19 04:50:13 PM +0530"}
{"level":"error","message":"Unable to get the product at the moment","timestamp":"2022-03-19 04:51:00 PM +0530"}
{"level":"error","timestamp":"2022-03-19 04:51:00 PM +0530"}
{"level":"error","message":"Error occurred","timestamp":"2022-03-19 04:51:00 PM +0530"}
{"level":"error","message":"Server Error Occured","timestamp":"2022-03-19 04:51:00 PM +0530"}
{"level":"error","message":"Error occurred","timestamp":"2022-03-19 04:53:59 PM +0530"}
{"level":"error","message":"jwt expired","timestamp":"2022-03-19 04:53:59 PM +0530"}
{"level":"error","message":"Unable to list products at the moment","timestamp":"2022-03-19 04:54:44 PM +0530"}
{"level":"error","message":"Unable to list products at the moment","timestamp":"2022-03-19 04:56:22 PM +0530"}
{"level":"error","message":"Unable to list products at the moment","timestamp":"2022-03-19 04:57:27 PM +0530"}
{"level":"error","message":"Unable to list products at the moment","timestamp":"2022-03-19 04:58:03 PM +0530"}
{"level":"error","message":"Error occurred","timestamp":"2022-03-19 05:05:31 PM +0530"}
{"level":"error","message":"jwt expired","timestamp":"2022-03-19 05:05:31 PM +0530"}
{"level":"error","message":"Error occurred","timestamp":"2022-03-19 06:56:20 PM +0530"}
{"level":"error","message":"No auth token found in the request","timestamp":"2022-03-19 06:56:20 PM +0530"}
{"level":"error","message":"Error occurred","timestamp":"2022-03-19 06:57:49 PM +0530"}
{"level":"error","message":"No auth token found in the request","timestamp":"2022-03-19 06:57:49 PM +0530"}
{"level":"error","message":"Failed while registering the userundefined","timestamp":"2022-03-19 08:48:51 PM +0530"}
{"level":"error","message":"Error occurred","timestamp":"2022-03-19 08:48:51 PM +0530"}
{"level":"error","message":"Wrong password entered, please retry","timestamp":"2022-03-19 08:48:51 PM +0530"}
{"level":"error","message":"Failed while registering the user\"User.create(...).select is not a function\"","timestamp":"2022-03-19 08:53:10 PM +0530"}
{"level":"error","message":"Error occurred","timestamp":"2022-03-19 08:53:10 PM +0530"}
{"level":"error","message":"Server error occurred","timestamp":"2022-03-19 08:53:10 PM +0530"}
{"level":"error","message":"Error occurred","timestamp":"2022-03-19 09:38:33 PM +0530"}
{"level":"error","message":"No auth token found in the request","timestamp":"2022-03-19 09:38:33 PM +0530"}
{"level":"error","message":"Error occurred","timestamp":"2022-03-19 10:04:00 PM +0530"}
{"level":"error","message":"No auth token found in the request","timestamp":"2022-03-19 10:04:00 PM +0530"}
{"level":"error","message":"Error occurred","timestamp":"2022-03-19 10:04:01 PM +0530"}
{"level":"error","message":"No auth token found in the request","timestamp":"2022-03-19 10:04:01 PM +0530"}
{"level":"error","message":"Error occurred","timestamp":"2022-03-19 10:04:11 PM +0530"}
{"level":"error","message":"No auth token found in the request","timestamp":"2022-03-19 10:04:11 PM +0530"}
{"level":"error","message":"Error occurred","timestamp":"2022-03-19 10:04:40 PM +0530"}
{"level":"error","message":"No auth token found in the request","timestamp":"2022-03-19 10:04:40 PM +0530"}
{"level":"error","message":"Failed while registering the user\"data and hash arguments required\"","timestamp":"2022-03-19 10:04:56 PM +0530"}
{"level":"error","message":"Error occurred","timestamp":"2022-03-19 10:04:56 PM +0530"}
{"level":"error","message":"Server error occurred","timestamp":"2022-03-19 10:04:56 PM +0530"}
{"level":"error","message":"Failed while registering the user\"data and hash arguments required\"","timestamp":"2022-03-19 10:05:24 PM +0530"}
{"level":"error","message":"Error occurred","timestamp":"2022-03-19 10:05:24 PM +0530"}
{"level":"error","message":"Server error occurred","timestamp":"2022-03-19 10:05:24 PM +0530"}
{"level":"error","message":"Error occurred","timestamp":"2022-03-19 10:21:42 PM +0530"}
{"level":"error","message":"No auth token found in the request","timestamp":"2022-03-19 10:21:42 PM +0530"}
{"level":"error","message":"Error occurred","timestamp":"2022-03-19 10:21:46 PM +0530"}
{"level":"error","message":"No auth token found in the request","timestamp":"2022-03-19 10:21:46 PM +0530"}
{"level":"error","message":"Error occurred","timestamp":"2022-03-19 10:21:52 PM +0530"}
{"level":"error","message":"No auth token found in the request","timestamp":"2022-03-19 10:21:52 PM +0530"}
{"level":"error","message":"Error occurred","timestamp":"2022-03-19 10:22:21 PM +0530"}
{"level":"error","message":"No auth token found in the request","timestamp":"2022-03-19 10:22:21 PM +0530"}
{"level":"error","message":"Error occurred","timestamp":"2022-03-19 10:22:26 PM +0530"}
{"level":"error","message":"No auth token found in the request","timestamp":"2022-03-19 10:22:26 PM +0530"}
{"level":"error","message":"Error occurred","timestamp":"2022-03-19 10:22:44 PM +0530"}
{"level":"error","message":"No auth token found in the request","timestamp":"2022-03-19 10:22:44 PM +0530"}
{"level":"error","message":"Error occurred","timestamp":"2022-03-19 10:24:20 PM +0530"}
{"level":"error","message":"No auth token found in the request","timestamp":"2022-03-19 10:24:20 PM +0530"}
{"level":"error","message":"Error occurred","timestamp":"2022-03-19 10:24:22 PM +0530"}
{"level":"error","message":"No auth token found in the request","timestamp":"2022-03-19 10:24:22 PM +0530"}
{"level":"error","message":"Error occurred","timestamp":"2022-03-19 10:24:30 PM +0530"}
{"level":"error","message":"No auth token found in the request","timestamp":"2022-03-19 10:24:30 PM +0530"}
{"level":"error","message":"Error occurred","timestamp":"2022-03-19 10:24:30 PM +0530"}
{"level":"error","message":"No auth token found in the request","timestamp":"2022-03-19 10:24:30 PM +0530"}
{"level":"error","message":"Error occurred","timestamp":"2022-03-19 10:35:53 PM +0530"}
{"level":"error","message":"No auth token found in the request","timestamp":"2022-03-19 10:35:53 PM +0530"}
{"level":"error","message":"Error in creating Product in: ","timestamp":"2022-03-19 10:48:04 PM +0530"}
{"level":"error","message":"Error occurred","timestamp":"2022-03-19 10:48:04 PM +0530"}
{"level":"error","message":"Invalid values in the form","timestamp":"2022-03-19 10:48:04 PM +0530"}
{"level":"error","message":"Error in creating Product in: ","timestamp":"2022-03-19 10:49:44 PM +0530"}
{"level":"error","message":"Error occurred","timestamp":"2022-03-19 10:49:44 PM +0530"}
{"level":"error","message":"Invalid values in the form","timestamp":"2022-03-19 10:49:44 PM +0530"}
{"level":"error","message":"Error in creating Product in: ","timestamp":"2022-03-19 10:51:34 PM +0530"}
{"level":"error","message":"Error occurred","timestamp":"2022-03-19 10:51:34 PM +0530"}
{"level":"error","message":"Invalid values in the form","timestamp":"2022-03-19 10:51:34 PM +0530"}
{"level":"error","message":"Error in creating Product in: ","timestamp":"2022-03-19 10:55:22 PM +0530"}
{"level":"error","message":"Error occurred","timestamp":"2022-03-19 10:55:22 PM +0530"}
{"level":"error","message":"Invalid values in the form","timestamp":"2022-03-19 10:55:22 PM +0530"}
{"level":"error","message":"Unable to get the product at the moment","timestamp":"2022-03-19 10:59:34 PM +0530"}
{"level":"error","timestamp":"2022-03-19 10:59:34 PM +0530"}
{"level":"error","message":"Error occurred","timestamp":"2022-03-19 10:59:34 PM +0530"}
{"level":"error","message":"Server Error Occured","timestamp":"2022-03-19 10:59:34 PM +0530"}
{"level":"error","message":"Error occurred","timestamp":"2022-03-20 03:55:24 PM +0530"}
{"level":"error","message":"jwt expired","timestamp":"2022-03-20 03:55:24 PM +0530"}
{"level":"error","message":"Unable to connect to mongodb","timestamp":"2022-03-20 04:33:59 PM +0530"}
{"level":"error","timestamp":"2022-03-20 04:33:59 PM +0530"}
{"level":"error","message":"Failed to fetch products","timestamp":"2022-03-23 03:37:45 PM +0530"}
{"level":"error","message":"Error occurred","timestamp":"2022-03-23 03:37:45 PM +0530"}
{"level":"error","message":"Server Error occured","timestamp":"2022-03-23 03:37:45 PM +0530"}
{"level":"error","message":"Failed to fetch products Converting circular structure to JSON\n    --> starting at object with constructor 'ClientRequest'\n    |     property 'socket' -> object with constructor 'TLSSocket'\n    --- property '_httpMessage' closes the circle","stack":"TypeError: Converting circular structure to JSON\n    --> starting at object with constructor 'ClientRequest'\n    |     property 'socket' -> object with constructor 'TLSSocket'\n    --- property '_httpMessage' closes the circle\n    at JSON.stringify (<anonymous>)\n    at stringify (D:\\Study\\College\\VI_SEM\\Honors\\backend\\node_modules\\express\\lib\\response.js:1128:12)\n    at ServerResponse.json (D:\\Study\\College\\VI_SEM\\Honors\\backend\\node_modules\\express\\lib\\response.js:260:14)\n    at ServerResponse.send (D:\\Study\\College\\VI_SEM\\Honors\\backend\\node_modules\\express\\lib\\response.js:158:21)\n    at D:\\Study\\College\\VI_SEM\\Honors\\backend\\Controllers\\ProductController.js:246:17\n    at processTicksAndRejections (node:internal/process/task_queues:96:5)","timestamp":"2022-03-23 03:38:59 PM +0530"}
{"level":"error","message":"Error occurred","timestamp":"2022-03-23 03:38:59 PM +0530"}
{"level":"error","message":"Server Error occured","timestamp":"2022-03-23 03:38:59 PM +0530"}
{"level":"error","message":"Failed to fetch products response.data.foreach is not a function","stack":"TypeError: response.data.foreach is not a function\n    at D:\\Study\\College\\VI_SEM\\Honors\\backend\\Controllers\\ProductController.js:248:27\n    at processTicksAndRejections (node:internal/process/task_queues:96:5)","timestamp":"2022-03-23 03:58:34 PM +0530"}
{"level":"error","message":"Error occurred","timestamp":"2022-03-23 03:58:34 PM +0530"}
{"level":"error","message":"Server Error occured","timestamp":"2022-03-23 03:58:34 PM +0530"}
{"level":"error","message":"Unable to add product","timestamp":"2022-03-23 03:58:46 PM +0530"}
{"level":"error","message":"{\"errors\":{\"price\":{\"name\":\"ValidatorError\",\"message\":\"Path `price` is required.\",\"properties\":{\"message\":\"Path `price` is required.\",\"type\":\"required\",\"path\":\"price\"},\"kind\":\"required\",\"path\":\"price\"}},\"_message\":\"Product validation failed\",\"name\":\"ValidationError\",\"message\":\"Product validation failed: price: Path `price` is required.\"}","timestamp":"2022-03-23 03:58:46 PM +0530"}
{"level":"error","message":"Unable to add product","timestamp":"2022-04-05 11:01:09 PM +0530"}
{"level":"error","message":"{\"errors\":{\"description\":{\"name\":\"ValidatorError\",\"message\":\"Path `description` is required.\",\"properties\":{\"message\":\"Path `description` is required.\",\"type\":\"required\",\"path\":\"description\",\"value\":\"\"},\"kind\":\"required\",\"path\":\"description\",\"value\":\"\"}},\"_message\":\"Category validation failed\",\"name\":\"ValidationError\",\"message\":\"Category validation failed: description: Path `description` is required.\"}","timestamp":"2022-04-05 11:01:09 PM +0530"}
{"level":"error","message":"Unable to add product","timestamp":"2022-04-05 11:05:30 PM +0530"}
{"level":"error","message":"{\"errors\":{\"category\":{\"stringValue\":\"\\\"{\\n  acknowledged: true,\\n  modifiedCount: 0,\\n  upsertedId: new ObjectId(\\\"624c7de63abf54ca1ccf1f71\\\"),\\n  upsertedCount: 1,\\n  matchedCount: 0\\n}\\\"\",\"valueType\":\"Object\",\"kind\":\"ObjectId\",\"value\":{\"acknowledged\":true,\"modifiedCount\":0,\"upsertedId\":\"624c7de63abf54ca1ccf1f71\",\"upsertedCount\":1,\"matchedCount\":0},\"path\":\"category\",\"reason\":{},\"name\":\"CastError\",\"message\":\"Cast to ObjectId failed for value \\\"{\\n  acknowledged: true,\\n  modifiedCount: 0,\\n  upsertedId: new ObjectId(\\\"624c7de63abf54ca1ccf1f71\\\"),\\n  upsertedCount: 1,\\n  matchedCount: 0\\n}\\\" (type Object) at path \\\"category\\\"\"}},\"_message\":\"Product validation failed\",\"name\":\"ValidationError\",\"message\":\"Product validation failed: category: Cast to ObjectId failed for value \\\"{\\n  acknowledged: true,\\n  modifiedCount: 0,\\n  upsertedId: new ObjectId(\\\"624c7de63abf54ca1ccf1f71\\\"),\\n  upsertedCount: 1,\\n  matchedCount: 0\\n}\\\" (type Object) at path \\\"category\\\"\"}","timestamp":"2022-04-05 11:05:30 PM +0530"}
{"level":"error","message":"Unable to add product","timestamp":"2022-04-05 11:07:50 PM +0530"}
{"level":"error","message":"{\"errors\":{\"category\":{\"stringValue\":\"\\\"{ acknowledged: false }\\\"\",\"valueType\":\"Object\",\"kind\":\"ObjectId\",\"value\":{\"acknowledged\":false},\"path\":\"category\",\"reason\":{},\"name\":\"CastError\",\"message\":\"Cast to ObjectId failed for value \\\"{ acknowledged: false }\\\" (type Object) at path \\\"category\\\"\"}},\"_message\":\"Product validation failed\",\"name\":\"ValidationError\",\"message\":\"Product validation failed: category: Cast to ObjectId failed for value \\\"{ acknowledged: false }\\\" (type Object) at path \\\"category\\\"\"}","timestamp":"2022-04-05 11:07:50 PM +0530"}
{"level":"error","message":"Unable to add product","timestamp":"2022-04-05 11:08:43 PM +0530"}
{"level":"error","message":"{\"errors\":{\"category\":{\"name\":\"ValidatorError\",\"message\":\"Path `category` is required.\",\"properties\":{\"message\":\"Path `category` is required.\",\"type\":\"required\",\"path\":\"category\"},\"kind\":\"required\",\"path\":\"category\"}},\"_message\":\"Product validation failed\",\"name\":\"ValidationError\",\"message\":\"Product validation failed: category: Path `category` is required.\"}","timestamp":"2022-04-05 11:08:43 PM +0530"}
{"level":"error","message":"Unable to add product","timestamp":"2022-04-05 11:09:16 PM +0530"}
{"level":"error","message":"{\"errors\":{\"category\":{\"stringValue\":\"\\\"men's clothing\\\"\",\"valueType\":\"string\",\"kind\":\"ObjectId\",\"value\":\"men's clothing\",\"path\":\"category\",\"reason\":{},\"name\":\"CastError\",\"message\":\"Cast to ObjectId failed for value \\\"men's clothing\\\" (type string) at path \\\"category\\\"\"}},\"_message\":\"Product validation failed\",\"name\":\"ValidationError\",\"message\":\"Product validation failed: category: Cast to ObjectId failed for value \\\"men's clothing\\\" (type string) at path \\\"category\\\"\"}","timestamp":"2022-04-05 11:09:16 PM +0530"}
{"level":"error","message":"Unable to add product","timestamp":"2022-04-05 11:10:23 PM +0530"}
{"level":"error","message":"{\"errors\":{\"category\":{\"stringValue\":\"\\\"men's clothing\\\"\",\"valueType\":\"string\",\"kind\":\"ObjectId\",\"value\":\"men's clothing\",\"path\":\"category\",\"reason\":{},\"name\":\"CastError\",\"message\":\"Cast to ObjectId failed for value \\\"men's clothing\\\" (type string) at path \\\"category\\\"\"}},\"_message\":\"Product validation failed\",\"name\":\"ValidationError\",\"message\":\"Product validation failed: category: Cast to ObjectId failed for value \\\"men's clothing\\\" (type string) at path \\\"category\\\"\"}","timestamp":"2022-04-05 11:10:23 PM +0530"}
{"level":"error","message":"Unable to add product","timestamp":"2022-04-05 11:11:14 PM +0530"}
{"level":"error","message":"{\"errors\":{\"category\":{\"stringValue\":\"\\\"men's clothing\\\"\",\"valueType\":\"string\",\"kind\":\"ObjectId\",\"value\":\"men's clothing\",\"path\":\"category\",\"reason\":{},\"name\":\"CastError\",\"message\":\"Cast to ObjectId failed for value \\\"men's clothing\\\" (type string) at path \\\"category\\\"\"}},\"_message\":\"Product validation failed\",\"name\":\"ValidationError\",\"message\":\"Product validation failed: category: Cast to ObjectId failed for value \\\"men's clothing\\\" (type string) at path \\\"category\\\"\"}","timestamp":"2022-04-05 11:11:14 PM +0530"}
{"level":"error","message":"Unable to add product","timestamp":"2022-04-05 11:12:53 PM +0530"}
{"level":"error","message":"{}","timestamp":"2022-04-05 11:12:53 PM +0530"}
{"level":"error","message":"Unable to add product","timestamp":"2022-04-05 11:13:44 PM +0530"}
{"level":"error","message":"{\"errors\":{\"category\":{\"name\":\"ValidatorError\",\"message\":\"Path `category` is required.\",\"properties\":{\"message\":\"Path `category` is required.\",\"type\":\"required\",\"path\":\"category\"},\"kind\":\"required\",\"path\":\"category\"}},\"_message\":\"Product validation failed\",\"name\":\"ValidationError\",\"message\":\"Product validation failed: category: Path `category` is required.\"}","timestamp":"2022-04-05 11:13:44 PM +0530"}
{"code":"ECONNRESET","config":{"headers":{"Accept":"application/json, text/plain, */*","User-Agent":"axios/0.24.0"},"maxBodyLength":-1,"maxContentLength":-1,"method":"get","timeout":0,"transformRequest":[null],"transformResponse":[null],"transitional":{"clarifyTimeoutError":false,"forcedJSONParsing":true,"silentJSONParsing":true},"url":"https://fakestoreapi.com/products","xsrfCookieName":"XSRF-TOKEN","xsrfHeaderName":"X-XSRF-TOKEN"},"message":"Failed to fetch products read ECONNRESET","stack":"Error: read ECONNRESET\n    at TLSWrap.onStreamRead (node:internal/stream_base_commons:220:20)","status":null}
{"level":"error","message":"Error occurred","timestamp":"2022-04-05 11:19:56 PM +0530"}
{"level":"error","message":"Server Error occured","timestamp":"2022-04-05 11:19:56 PM +0530"}
{"level":"error","message":"Error occurred","timestamp":"2022-04-06 04:10:14 PM +0530"}
{"level":"error","message":"jwt expired","timestamp":"2022-04-06 04:10:14 PM +0530"}
{"level":"error","message":"Error occurred","timestamp":"2022-04-06 04:10:14 PM +0530"}
{"level":"error","message":"jwt expired","timestamp":"2022-04-06 04:10:14 PM +0530"}
{"level":"error","message":"Error occurred","timestamp":"2022-04-06 04:33:28 PM +0530"}
{"level":"error","message":"jwt expired","timestamp":"2022-04-06 04:33:28 PM +0530"}
{"level":"error","message":"Error occurred","timestamp":"2022-04-06 04:33:28 PM +0530"}
{"level":"error","message":"jwt expired","timestamp":"2022-04-06 04:33:28 PM +0530"}
