{"level":"info","message":"Connected to mongodb successfully","timestamp":"2022-03-19 03:26:41 PM +0530"}
{"level":"info","message":"Server started at port 5004","timestamp":"2022-03-19 03:26:41 PM +0530"}
{"level":"info","message":"Connected to mongodb successfully","timestamp":"2022-03-19 03:27:13 PM +0530"}
{"level":"info","message":"Server started at port 5004","timestamp":"2022-03-19 03:27:13 PM +0530"}
{"level":"info","message":"Connected to mongodb successfully","timestamp":"2022-03-19 03:35:17 PM +0530"}
{"level":"info","message":"Server started at port 5004","timestamp":"2022-03-19 03:35:17 PM +0530"}
{"level":"info","message":"Connected to mongodb successfully","timestamp":"2022-03-19 03:38:48 PM +0530"}
{"level":"info","message":"Server started at port 3000","timestamp":"2022-03-19 03:38:48 PM +0530"}
{"level":"info","message":"Connected to mongodb successfully","timestamp":"2022-03-19 03:39:30 PM +0530"}
{"level":"info","message":"Server started at port 3000","timestamp":"2022-03-19 03:39:30 PM +0530"}
{"level":"info","message":"Connected to mongodb successfully","timestamp":"2022-03-19 03:40:50 PM +0530"}
{"level":"info","message":"Server started at port 3000","timestamp":"2022-03-19 03:40:50 PM +0530"}
{"level":"info","message":"Connected to mongodb successfully","timestamp":"2022-03-19 03:40:58 PM +0530"}
{"level":"info","message":"Server started at port 3000","timestamp":"2022-03-19 03:40:58 PM +0530"}
{"level":"error","message":"Error occurred","timestamp":"2022-03-19 03:42:27 PM +0530"}
{"level":"info","message":"{\"statusCode\":400,\"errorMessage\":\"Invalid values in the form\"}","timestamp":"2022-03-19 03:42:27 PM +0530"}
{"level":"error","message":"Invalid values in the form","timestamp":"2022-03-19 03:42:27 PM +0530"}
{"level":"info","message":"Connected to mongodb successfully","timestamp":"2022-03-19 03:42:58 PM +0530"}
{"level":"info","message":"Server started at port 3000","timestamp":"2022-03-19 03:42:58 PM +0530"}
{"level":"error","message":"Error occurred","timestamp":"2022-03-19 03:43:00 PM +0530"}
{"level":"info","message":"{\"statusCode\":400,\"errorMessage\":\"Invalid values in the form\"}","timestamp":"2022-03-19 03:43:00 PM +0530"}
{"level":"error","message":"Invalid values in the form","timestamp":"2022-03-19 03:43:00 PM +0530"}
{"level":"info","message":"Connected to mongodb successfully","timestamp":"2022-03-19 03:44:14 PM +0530"}
{"level":"info","message":"Server started at port 3000","timestamp":"2022-03-19 03:44:14 PM +0530"}
{"level":"error","message":"Error in register: ","timestamp":"2022-03-19 03:44:16 PM +0530"}
{"level":"error","message":"Error occurred","timestamp":"2022-03-19 03:44:16 PM +0530"}
{"level":"info","message":"{\"statusCode\":400,\"errorMessage\":\"Invalid values in the form\"}","timestamp":"2022-03-19 03:44:16 PM +0530"}
{"level":"error","message":"Invalid values in the form","timestamp":"2022-03-19 03:44:16 PM +0530"}
{"level":"info","message":"Connected to mongodb successfully","timestamp":"2022-03-19 03:44:31 PM +0530"}
{"level":"info","message":"Server started at port 3000","timestamp":"2022-03-19 03:44:31 PM +0530"}
{"0":{"location":"body","msg":"Invalid value","param":"firstName"},"1":{"location":"body","msg":"Invalid value","param":"lastName"},"2":{"location":"body","msg":"Invalid value","param":"email"},"3":{"location":"body","msg":"Invalid value","param":"password"},"level":"error","message":"Error in register: ","timestamp":"2022-03-19 03:44:33 PM +0530"}
{"level":"error","message":"Error occurred","timestamp":"2022-03-19 03:44:33 PM +0530"}
{"level":"info","message":"{\"statusCode\":400,\"errorMessage\":\"Invalid values in the form\"}","timestamp":"2022-03-19 03:44:33 PM +0530"}
{"level":"error","message":"Invalid values in the form","timestamp":"2022-03-19 03:44:33 PM +0530"}
{"level":"info","message":"Connected to mongodb successfully","timestamp":"2022-03-19 03:45:39 PM +0530"}
{"level":"info","message":"Server started at port 3000","timestamp":"2022-03-19 03:45:39 PM +0530"}
{"level":"info","message":"Connected to mongodb successfully","timestamp":"2022-03-19 03:46:42 PM +0530"}
{"level":"info","message":"Server started at port 3000","timestamp":"2022-03-19 03:46:42 PM +0530"}
{"0":{"location":"body","msg":"Invalid value","param":"firstName"},"1":{"location":"body","msg":"Invalid value","param":"lastName"},"2":{"location":"body","msg":"Invalid value","param":"email"},"3":{"location":"body","msg":"Invalid value","param":"password"},"level":"error","message":"Error in register: ","timestamp":"2022-03-19 03:46:43 PM +0530"}
{"level":"error","message":"Error occurred","timestamp":"2022-03-19 03:46:43 PM +0530"}
{"level":"info","message":"{\"statusCode\":400,\"errorMessage\":\"Invalid values in the form\"}","timestamp":"2022-03-19 03:46:43 PM +0530"}
{"level":"error","message":"Invalid values in the form","timestamp":"2022-03-19 03:46:43 PM +0530"}
{"level":"info","message":"Connected to mongodb successfully","timestamp":"2022-03-19 03:47:02 PM +0530"}
{"level":"info","message":"Server started at port 3000","timestamp":"2022-03-19 03:47:02 PM +0530"}
{"0":{"location":"body","msg":"Invalid value","param":"firstName"},"1":{"location":"body","msg":"Invalid value","param":"lastName"},"2":{"location":"body","msg":"Invalid value","param":"email"},"3":{"location":"body","msg":"Invalid value","param":"password"},"level":"error","message":"Error in register: ","timestamp":"2022-03-19 03:47:03 PM +0530"}
{"level":"error","message":"Error occurred","timestamp":"2022-03-19 03:47:03 PM +0530"}
{"level":"info","message":"{\"statusCode\":400,\"errorMessage\":\"Invalid values in the form\"}","timestamp":"2022-03-19 03:47:03 PM +0530"}
{"level":"error","message":"Invalid values in the form","timestamp":"2022-03-19 03:47:03 PM +0530"}
{"level":"info","message":"Connected to mongodb successfully","timestamp":"2022-03-19 03:47:13 PM +0530"}
{"level":"info","message":"Server started at port 3000","timestamp":"2022-03-19 03:47:13 PM +0530"}
{"0":{"location":"body","msg":"Invalid value","param":"firstName"},"1":{"location":"body","msg":"Invalid value","param":"lastName"},"2":{"location":"body","msg":"Invalid value","param":"email"},"3":{"location":"body","msg":"Invalid value","param":"password"},"level":"error","message":"Error in register: ","timestamp":"2022-03-19 03:47:14 PM +0530"}
{"level":"error","message":"Error occurred","timestamp":"2022-03-19 03:47:14 PM +0530"}
{"level":"info","message":"{\"statusCode\":400,\"errorMessage\":\"Invalid values in the form\"}","timestamp":"2022-03-19 03:47:14 PM +0530"}
{"level":"error","message":"Invalid values in the form","timestamp":"2022-03-19 03:47:15 PM +0530"}
{"level":"info","message":"Connected to mongodb successfully","timestamp":"2022-03-19 03:48:00 PM +0530"}
{"level":"info","message":"Server started at port 3000","timestamp":"2022-03-19 03:48:00 PM +0530"}
{"level":"info","message":"Connected to mongodb successfully","timestamp":"2022-03-19 03:49:39 PM +0530"}
{"level":"info","message":"Server started at port 3000","timestamp":"2022-03-19 03:49:39 PM +0530"}
{"level":"info","message":"Connected to mongodb successfully","timestamp":"2022-03-19 03:50:48 PM +0530"}
{"level":"info","message":"Server started at port 3000","timestamp":"2022-03-19 03:50:48 PM +0530"}
{"0":{"location":"body","msg":"Invalid value","param":"firstName"},"1":{"location":"body","msg":"Invalid value","param":"lastName"},"2":{"location":"body","msg":"Invalid value","param":"email"},"3":{"location":"body","msg":"Invalid value","param":"password"},"level":"error","message":"Error in register: ","timestamp":"2022-03-19 03:50:50 PM +0530"}
{"level":"error","message":"Error occurred","timestamp":"2022-03-19 03:50:50 PM +0530"}
{"level":"info","message":"{\"statusCode\":400,\"errorMessage\":\"Invalid values in the form\"}","timestamp":"2022-03-19 03:50:50 PM +0530"}
{"level":"error","message":"Invalid values in the form","timestamp":"2022-03-19 03:50:50 PM +0530"}
{"level":"info","message":"Connected to mongodb successfully","timestamp":"2022-03-19 03:51:18 PM +0530"}
{"level":"info","message":"Server started at port 3000","timestamp":"2022-03-19 03:51:18 PM +0530"}
{"level":"info","message":"Connected to mongodb successfully","timestamp":"2022-03-19 03:51:27 PM +0530"}
{"level":"info","message":"Server started at port 3000","timestamp":"2022-03-19 03:51:27 PM +0530"}
{"0":{"location":"body","msg":"Invalid value","param":"firstName"},"1":{"location":"body","msg":"Invalid value","param":"lastName"},"2":{"location":"body","msg":"Invalid value","param":"email"},"3":{"location":"body","msg":"Invalid value","param":"password"},"level":"error","message":"Error in register: ","timestamp":"2022-03-19 03:51:29 PM +0530"}
{"level":"error","message":"Error occurred","timestamp":"2022-03-19 03:51:29 PM +0530"}
{"level":"info","message":"{\"statusCode\":400,\"errorMessage\":\"Invalid values in the form\"}","timestamp":"2022-03-19 03:51:29 PM +0530"}
{"level":"error","message":"Invalid values in the form","timestamp":"2022-03-19 03:51:29 PM +0530"}
{"level":"info","message":"Connected to mongodb successfully","timestamp":"2022-03-19 03:52:42 PM +0530"}
{"level":"info","message":"Server started at port 3000","timestamp":"2022-03-19 03:52:42 PM +0530"}
{"level":"info","message":"Connected to mongodb successfully","timestamp":"2022-03-19 03:52:59 PM +0530"}
{"level":"info","message":"Server started at port 3000","timestamp":"2022-03-19 03:52:59 PM +0530"}
{"level":"error","message":"Error occurred","timestamp":"2022-03-19 03:53:00 PM +0530"}
{"level":"info","message":"{}","timestamp":"2022-03-19 03:53:00 PM +0530"}
{"level":"error","message":"Server error occurred","timestamp":"2022-03-19 03:53:00 PM +0530"}
{"level":"info","message":"Connected to mongodb successfully","timestamp":"2022-03-19 03:53:15 PM +0530"}
{"level":"info","message":"Server started at port 3000","timestamp":"2022-03-19 03:53:15 PM +0530"}
{"level":"error","message":"Error occurred","timestamp":"2022-03-19 03:53:15 PM +0530"}
{"level":"info","message":"{}","timestamp":"2022-03-19 03:53:15 PM +0530"}
{"level":"error","message":"Server error occurred","timestamp":"2022-03-19 03:53:15 PM +0530"}
{"level":"info","message":"Connected to mongodb successfully","timestamp":"2022-03-19 03:53:44 PM +0530"}
{"level":"info","message":"Server started at port 3000","timestamp":"2022-03-19 03:53:44 PM +0530"}
{"level":"error","message":"Error occurred","timestamp":"2022-03-19 03:56:39 PM +0530"}
{"level":"info","message":"{}","timestamp":"2022-03-19 03:56:39 PM +0530"}
{"level":"error","message":"Server error occurred","timestamp":"2022-03-19 03:56:39 PM +0530"}
{"level":"info","message":"Connected to mongodb successfully","timestamp":"2022-03-19 04:01:22 PM +0530"}
{"level":"info","message":"Server started at port 3000","timestamp":"2022-03-19 04:01:22 PM +0530"}
{"level":"error","message":"Error occurred","timestamp":"2022-03-19 04:01:23 PM +0530"}
{"level":"info","message":"{}","timestamp":"2022-03-19 04:01:23 PM +0530"}
{"level":"error","message":"Server error occurred","timestamp":"2022-03-19 04:01:23 PM +0530"}
{"level":"info","message":"Connected to mongodb successfully","timestamp":"2022-03-19 04:01:49 PM +0530"}
{"level":"info","message":"Server started at port 3000","timestamp":"2022-03-19 04:01:49 PM +0530"}
{"level":"error","message":"Error occurred","timestamp":"2022-03-19 04:01:50 PM +0530"}
{"level":"info","message":"{}","timestamp":"2022-03-19 04:01:50 PM +0530"}
{"level":"error","message":"Server error occurred","timestamp":"2022-03-19 04:01:50 PM +0530"}
{"level":"info","message":"Connected to mongodb successfully","timestamp":"2022-03-19 04:03:35 PM +0530"}
{"level":"info","message":"Server started at port 3000","timestamp":"2022-03-19 04:03:35 PM +0530"}
{"level":"error","message":"Error occurred","timestamp":"2022-03-19 04:03:40 PM +0530"}
{"level":"info","message":"{}","timestamp":"2022-03-19 04:03:40 PM +0530"}
{"level":"error","message":"Server error occurred","timestamp":"2022-03-19 04:03:40 PM +0530"}
{"level":"info","message":"Connected to mongodb successfully","timestamp":"2022-03-19 04:04:05 PM +0530"}
{"level":"info","message":"Server started at port 3000","timestamp":"2022-03-19 04:04:05 PM +0530"}
{"level":"error","message":"Error occurred","timestamp":"2022-03-19 04:04:06 PM +0530"}
{"level":"info","timestamp":"2022-03-19 04:04:06 PM +0530"}
{"level":"error","message":"Server error occurred","timestamp":"2022-03-19 04:04:06 PM +0530"}
{"level":"info","message":"Connected to mongodb successfully","timestamp":"2022-03-19 04:04:45 PM +0530"}
{"level":"info","message":"Server started at port 3000","timestamp":"2022-03-19 04:04:45 PM +0530"}
{"level":"info","message":"Connected to mongodb successfully","timestamp":"2022-03-19 04:04:50 PM +0530"}
{"level":"info","message":"Server started at port 3000","timestamp":"2022-03-19 04:04:50 PM +0530"}
{"0":{"location":"body","msg":"Invalid value","param":"firstName"},"1":{"location":"body","msg":"Invalid value","param":"phoneNumber"},"2":{"location":"body","msg":"Invalid value","param":"email"},"3":{"location":"body","msg":"Invalid value","param":"password"},"level":"error","message":"Error in register: ","timestamp":"2022-03-19 04:04:57 PM +0530"}
{"level":"error","message":"Error occurred","timestamp":"2022-03-19 04:04:57 PM +0530"}
{"level":"info","message":{"errorMessage":"Invalid values in the form","statusCode":400},"timestamp":"2022-03-19 04:04:57 PM +0530"}
{"level":"error","message":"Invalid values in the form","timestamp":"2022-03-19 04:04:57 PM +0530"}
{"level":"info","message":"Connected to mongodb successfully","timestamp":"2022-03-19 04:05:22 PM +0530"}
{"level":"info","message":"Server started at port 3000","timestamp":"2022-03-19 04:05:22 PM +0530"}
{"0":{"location":"body","msg":"Invalid value","param":"firstName"},"1":{"location":"body","msg":"Invalid value","param":"phoneNumber"},"2":{"location":"body","msg":"Invalid value","param":"email"},"3":{"location":"body","msg":"Invalid value","param":"password"},"level":"error","message":"Error in register: ","timestamp":"2022-03-19 04:05:23 PM +0530"}
{"level":"error","message":"Error occurred","timestamp":"2022-03-19 04:05:23 PM +0530"}
{"level":"info","message":{"errorMessage":"Invalid values in the form","statusCode":400},"timestamp":"2022-03-19 04:05:23 PM +0530"}
{"level":"error","message":"Invalid values in the form","timestamp":"2022-03-19 04:05:23 PM +0530"}
{"level":"info","message":"Connected to mongodb successfully","timestamp":"2022-03-19 04:06:24 PM +0530"}
{"level":"info","message":"Server started at port 3000","timestamp":"2022-03-19 04:06:24 PM +0530"}
{"level":"info","message":"Connected to mongodb successfully","timestamp":"2022-03-19 04:08:57 PM +0530"}
{"level":"info","message":"Server started at port 3000","timestamp":"2022-03-19 04:08:57 PM +0530"}
{"level":"info","message":"Connected to mongodb successfully","timestamp":"2022-03-19 04:08:59 PM +0530"}
{"level":"info","message":"Server started at port 3000","timestamp":"2022-03-19 04:08:59 PM +0530"}
{"level":"info","message":"Connected to mongodb successfully","timestamp":"2022-03-19 04:09:05 PM +0530"}
{"level":"info","message":"Server started at port 3000","timestamp":"2022-03-19 04:09:05 PM +0530"}
{"level":"info","message":"Connected to mongodb successfully","timestamp":"2022-03-19 04:09:13 PM +0530"}
{"level":"info","message":"Server started at port 3000","timestamp":"2022-03-19 04:09:13 PM +0530"}
{"0":{"location":"body","msg":"Invalid value","param":"phoneNumber"},"level":"error","message":"Error in register: ","timestamp":"2022-03-19 04:09:18 PM +0530"}
{"level":"error","message":"Error occurred","timestamp":"2022-03-19 04:09:18 PM +0530"}
{"level":"info","message":{"errorMessage":"Invalid values in the form","statusCode":400},"timestamp":"2022-03-19 04:09:18 PM +0530"}
{"level":"error","message":"Invalid values in the form","timestamp":"2022-03-19 04:09:18 PM +0530"}
{"level":"info","message":"Connected to mongodb successfully","timestamp":"2022-03-19 04:09:54 PM +0530"}
{"level":"info","message":"Server started at port 3000","timestamp":"2022-03-19 04:09:54 PM +0530"}
{"level":"info","message":"Connected to mongodb successfully","timestamp":"2022-03-19 04:09:59 PM +0530"}
{"level":"info","message":"Server started at port 3000","timestamp":"2022-03-19 04:09:59 PM +0530"}
{"level":"error","message":"Failed while registering the user\"_phoneNumber is not defined\"","timestamp":"2022-03-19 04:10:05 PM +0530"}
{"level":"error","message":"Error occurred","timestamp":"2022-03-19 04:10:05 PM +0530"}
{"level":"info","message":{"errorMessage":"Server error occurred","statusCode":500},"timestamp":"2022-03-19 04:10:05 PM +0530"}
{"level":"error","message":"Server error occurred","timestamp":"2022-03-19 04:10:05 PM +0530"}
{"level":"info","message":"Connected to mongodb successfully","timestamp":"2022-03-19 04:10:26 PM +0530"}
{"level":"info","message":"Server started at port 3000","timestamp":"2022-03-19 04:10:26 PM +0530"}
{"level":"error","message":"Failed while registering the user\"_phoneNumber is not defined\"","timestamp":"2022-03-19 04:10:27 PM +0530"}
{"level":"error","message":"Error occurred","timestamp":"2022-03-19 04:10:27 PM +0530"}
{"level":"info","message":"{\"statusCode\":500,\"errorMessage\":\"Server error occurred\"}","timestamp":"2022-03-19 04:10:27 PM +0530"}
{"level":"error","message":"Server error occurred","timestamp":"2022-03-19 04:10:27 PM +0530"}
{"level":"info","message":"Connected to mongodb successfully","timestamp":"2022-03-19 04:11:54 PM +0530"}
{"level":"info","message":"Server started at port 3000","timestamp":"2022-03-19 04:11:54 PM +0530"}
{"level":"info","message":"Connected to mongodb successfully","timestamp":"2022-03-19 04:12:14 PM +0530"}
{"level":"info","message":"Server started at port 3000","timestamp":"2022-03-19 04:12:14 PM +0530"}
{"level":"info","message":"Connected to mongodb successfully","timestamp":"2022-03-19 04:12:19 PM +0530"}
{"level":"info","message":"Server started at port 3000","timestamp":"2022-03-19 04:12:19 PM +0530"}
{"level":"error","message":"Error occurred","timestamp":"2022-03-19 04:14:23 PM +0530"}
{"level":"info","message":"{\"statusCode\":401,\"errorMessage\":\"No auth token found in the request\"}","timestamp":"2022-03-19 04:14:23 PM +0530"}
{"level":"error","message":"No auth token found in the request","timestamp":"2022-03-19 04:14:23 PM +0530"}
{"level":"error","message":"Error occurred","timestamp":"2022-03-19 04:22:22 PM +0530"}
{"level":"info","message":"{\"statusCode\":401,\"errorMessage\":\"No auth token found in the request\"}","timestamp":"2022-03-19 04:22:22 PM +0530"}
{"level":"error","message":"No auth token found in the request","timestamp":"2022-03-19 04:22:22 PM +0530"}
{"level":"info","message":"Product: Test created successfully","timestamp":"2022-03-19 04:22:36 PM +0530"}
{"level":"info","message":"Connected to mongodb successfully","timestamp":"2022-03-19 04:22:56 PM +0530"}
{"level":"info","message":"Server started at port 3000","timestamp":"2022-03-19 04:22:56 PM +0530"}
{"level":"info","message":"Product: Test created successfully","timestamp":"2022-03-19 04:23:08 PM +0530"}
{"level":"info","message":"Product: Test created successfully","timestamp":"2022-03-19 04:23:43 PM +0530"}
{"level":"info","message":"Product: new 1 created successfully","timestamp":"2022-03-19 04:23:48 PM +0530"}
{"level":"info","message":"Connected to mongodb successfully","timestamp":"2022-03-19 04:24:29 PM +0530"}
{"level":"info","message":"Server started at port 3000","timestamp":"2022-03-19 04:24:29 PM +0530"}
{"level":"error","message":"Error occurred","timestamp":"2022-03-19 04:25:06 PM +0530"}
{"level":"info","message":"{\"statusCode\":401,\"errorMessage\":\"invalid token\"}","timestamp":"2022-03-19 04:25:06 PM +0530"}
{"level":"error","message":"invalid token","timestamp":"2022-03-19 04:25:06 PM +0530"}
{"level":"error","message":"Error occurred","timestamp":"2022-03-19 04:25:12 PM +0530"}
{"level":"info","message":"{\"statusCode\":401,\"errorMessage\":\"invalid token\"}","timestamp":"2022-03-19 04:25:12 PM +0530"}
{"level":"error","message":"invalid token","timestamp":"2022-03-19 04:25:12 PM +0530"}
{"level":"info","message":"Connected to mongodb successfully","timestamp":"2022-03-19 04:27:58 PM +0530"}
{"level":"info","message":"Server started at port 3000","timestamp":"2022-03-19 04:27:58 PM +0530"}
{"level":"info","message":"Connected to mongodb successfully","timestamp":"2022-03-19 04:28:28 PM +0530"}
{"level":"info","message":"Server started at port 3000","timestamp":"2022-03-19 04:28:28 PM +0530"}
{"level":"info","message":"Connected to mongodb successfully","timestamp":"2022-03-19 04:28:52 PM +0530"}
{"level":"info","message":"Server started at port 3000","timestamp":"2022-03-19 04:28:52 PM +0530"}
{"level":"info","message":"Connected to mongodb successfully","timestamp":"2022-03-19 04:34:55 PM +0530"}
{"level":"info","message":"Server started at port 3000","timestamp":"2022-03-19 04:34:55 PM +0530"}
{"level":"info","message":"Product: new 1 updated successfully","timestamp":"2022-03-19 04:35:37 PM +0530"}
{"level":"error","message":"Unable to delete the product at the moment","timestamp":"2022-03-19 04:36:16 PM +0530"}
{"level":"error","timestamp":"2022-03-19 04:36:16 PM +0530"}
{"level":"error","message":"Error occurred","timestamp":"2022-03-19 04:36:16 PM +0530"}
{"level":"info","message":"{\"statusCode\":500,\"errorMessage\":\"Server Error Occured\"}","timestamp":"2022-03-19 04:36:16 PM +0530"}
{"level":"error","message":"Server Error Occured","timestamp":"2022-03-19 04:36:16 PM +0530"}
{"level":"info","message":"Connected to mongodb successfully","timestamp":"2022-03-19 04:37:45 PM +0530"}
{"level":"info","message":"Server started at port 3000","timestamp":"2022-03-19 04:37:45 PM +0530"}
{"level":"error","message":"Unable to delete the product at the moment","timestamp":"2022-03-19 04:37:57 PM +0530"}
{"level":"error","timestamp":"2022-03-19 04:37:57 PM +0530"}
{"level":"error","message":"Error occurred","timestamp":"2022-03-19 04:37:57 PM +0530"}
{"level":"info","message":"{\"statusCode\":500,\"errorMessage\":\"Server Error Occured\"}","timestamp":"2022-03-19 04:37:57 PM +0530"}
{"level":"error","message":"Server Error Occured","timestamp":"2022-03-19 04:37:57 PM +0530"}
{"level":"info","message":"Connected to mongodb successfully","timestamp":"2022-03-19 04:39:01 PM +0530"}
{"level":"info","message":"Server started at port 3000","timestamp":"2022-03-19 04:39:01 PM +0530"}
{"level":"error","message":"Unable to delete the product at the moment","timestamp":"2022-03-19 04:39:02 PM +0530"}
{"level":"error","timestamp":"2022-03-19 04:39:02 PM +0530"}
{"level":"error","message":"Error occurred","timestamp":"2022-03-19 04:39:02 PM +0530"}
{"level":"info","message":"{\"statusCode\":500,\"errorMessage\":\"Server Error Occured\"}","timestamp":"2022-03-19 04:39:02 PM +0530"}
{"level":"error","message":"Server Error Occured","timestamp":"2022-03-19 04:39:02 PM +0530"}
{"level":"info","message":"Connected to mongodb successfully","timestamp":"2022-03-19 04:39:33 PM +0530"}
{"level":"info","message":"Server started at port 3000","timestamp":"2022-03-19 04:39:33 PM +0530"}
{"level":"info","message":"Connected to mongodb successfully","timestamp":"2022-03-19 04:39:54 PM +0530"}
{"level":"info","message":"Server started at port 3000","timestamp":"2022-03-19 04:39:54 PM +0530"}
{"level":"error","message":"Unable to delete the product at the moment","timestamp":"2022-03-19 04:39:56 PM +0530"}
{"level":"error","timestamp":"2022-03-19 04:39:56 PM +0530"}
{"level":"error","message":"Error occurred","timestamp":"2022-03-19 04:39:56 PM +0530"}
{"level":"info","message":"{\"statusCode\":500,\"errorMessage\":\"Server Error Occured\"}","timestamp":"2022-03-19 04:39:56 PM +0530"}
{"level":"error","message":"Server Error Occured","timestamp":"2022-03-19 04:39:56 PM +0530"}
{"level":"info","message":"Connected to mongodb successfully","timestamp":"2022-03-19 04:40:53 PM +0530"}
{"level":"info","message":"Server started at port 3000","timestamp":"2022-03-19 04:40:53 PM +0530"}
{"level":"info","message":"Product: new 1 deleted successfully","timestamp":"2022-03-19 04:40:55 PM +0530"}
{"level":"info","message":"Connected to mongodb successfully","timestamp":"2022-03-19 04:42:45 PM +0530"}
{"level":"info","message":"Server started at port 3000","timestamp":"2022-03-19 04:42:45 PM +0530"}
{"level":"error","message":"Error occurred","timestamp":"2022-03-19 04:42:47 PM +0530"}
{"level":"info","message":"{\"statusCode\":401,\"errorMessage\":\"jwt expired\"}","timestamp":"2022-03-19 04:42:47 PM +0530"}
{"level":"error","message":"jwt expired","timestamp":"2022-03-19 04:42:47 PM +0530"}
{"level":"info","message":"User Ayush Solankii updated successfully","timestamp":"2022-03-19 04:42:57 PM +0530"}
{"level":"info","message":"Connected to mongodb successfully","timestamp":"2022-03-19 04:45:05 PM +0530"}
{"level":"info","message":"Server started at port 3000","timestamp":"2022-03-19 04:45:05 PM +0530"}
{"level":"info","message":"Connected to mongodb successfully","timestamp":"2022-03-19 04:45:46 PM +0530"}
{"level":"info","message":"Server started at port 3000","timestamp":"2022-03-19 04:45:46 PM +0530"}
{"level":"error","message":"Unable to get the product at the moment","timestamp":"2022-03-19 04:45:53 PM +0530"}
{"level":"error","timestamp":"2022-03-19 04:45:53 PM +0530"}
{"level":"error","message":"Error occurred","timestamp":"2022-03-19 04:45:53 PM +0530"}
{"level":"info","message":"{\"statusCode\":500,\"errorMessage\":\"Server Error Occured\"}","timestamp":"2022-03-19 04:45:53 PM +0530"}
{"level":"error","message":"Server Error Occured","timestamp":"2022-03-19 04:45:53 PM +0530"}
{"level":"info","message":"Connected to mongodb successfully","timestamp":"2022-03-19 04:48:17 PM +0530"}
{"level":"info","message":"Server started at port 3000","timestamp":"2022-03-19 04:48:17 PM +0530"}
{"level":"error","message":"Unable to get the product at the moment","timestamp":"2022-03-19 04:48:23 PM +0530"}
{"level":"error","timestamp":"2022-03-19 04:48:23 PM +0530"}
{"level":"error","message":"Error occurred","timestamp":"2022-03-19 04:48:23 PM +0530"}
{"level":"info","message":"{\"statusCode\":500,\"errorMessage\":\"Server Error Occured\"}","timestamp":"2022-03-19 04:48:23 PM +0530"}
{"level":"error","message":"Server Error Occured","timestamp":"2022-03-19 04:48:23 PM +0530"}
{"level":"info","message":"Connected to mongodb successfully","timestamp":"2022-03-19 04:50:11 PM +0530"}
{"level":"info","message":"Server started at port 3000","timestamp":"2022-03-19 04:50:11 PM +0530"}
{"level":"error","message":"Unable to get the product at the moment","timestamp":"2022-03-19 04:50:13 PM +0530"}
{"level":"error","timestamp":"2022-03-19 04:50:13 PM +0530"}
{"level":"error","message":"Error occurred","timestamp":"2022-03-19 04:50:13 PM +0530"}
{"level":"info","message":"{\"statusCode\":500,\"errorMessage\":\"Server Error Occured\"}","timestamp":"2022-03-19 04:50:13 PM +0530"}
{"level":"error","message":"Server Error Occured","timestamp":"2022-03-19 04:50:13 PM +0530"}
{"level":"info","message":"Connected to mongodb successfully","timestamp":"2022-03-19 04:51:00 PM +0530"}
{"level":"info","message":"Server started at port 3000","timestamp":"2022-03-19 04:51:00 PM +0530"}
{"level":"error","message":"Unable to get the product at the moment","timestamp":"2022-03-19 04:51:00 PM +0530"}
{"level":"error","timestamp":"2022-03-19 04:51:00 PM +0530"}
{"level":"error","message":"Error occurred","timestamp":"2022-03-19 04:51:00 PM +0530"}
{"level":"info","message":"{\"statusCode\":500,\"errorMessage\":\"Server Error Occured\"}","timestamp":"2022-03-19 04:51:00 PM +0530"}
{"level":"error","message":"Server Error Occured","timestamp":"2022-03-19 04:51:00 PM +0530"}
{"level":"info","message":"Connected to mongodb successfully","timestamp":"2022-03-19 04:52:01 PM +0530"}
{"level":"info","message":"Server started at port 3000","timestamp":"2022-03-19 04:52:01 PM +0530"}
{"level":"error","message":"Error occurred","timestamp":"2022-03-19 04:53:59 PM +0530"}
{"level":"info","message":"{\"statusCode\":401,\"errorMessage\":\"jwt expired\"}","timestamp":"2022-03-19 04:53:59 PM +0530"}
{"level":"error","message":"jwt expired","timestamp":"2022-03-19 04:53:59 PM +0530"}
{"level":"error","message":"Unable to list products at the moment","timestamp":"2022-03-19 04:54:44 PM +0530"}
{"level":"info","message":"Connected to mongodb successfully","timestamp":"2022-03-19 04:55:24 PM +0530"}
{"level":"info","message":"Server started at port 3000","timestamp":"2022-03-19 04:55:24 PM +0530"}
{"level":"error","message":"Unable to list products at the moment","timestamp":"2022-03-19 04:56:22 PM +0530"}
{"level":"info","message":"Connected to mongodb successfully","timestamp":"2022-03-19 04:56:41 PM +0530"}
{"level":"info","message":"Server started at port 3000","timestamp":"2022-03-19 04:56:41 PM +0530"}
{"level":"info","message":"Connected to mongodb successfully","timestamp":"2022-03-19 04:57:25 PM +0530"}
{"level":"info","message":"Server started at port 3000","timestamp":"2022-03-19 04:57:25 PM +0530"}
{"level":"error","message":"Unable to list products at the moment","timestamp":"2022-03-19 04:57:27 PM +0530"}
{"level":"info","message":"Connected to mongodb successfully","timestamp":"2022-03-19 04:57:54 PM +0530"}
{"level":"info","message":"Server started at port 3000","timestamp":"2022-03-19 04:57:54 PM +0530"}
{"level":"info","message":"Connected to mongodb successfully","timestamp":"2022-03-19 04:58:02 PM +0530"}
{"level":"info","message":"Server started at port 3000","timestamp":"2022-03-19 04:58:02 PM +0530"}
{"level":"error","message":"Unable to list products at the moment","timestamp":"2022-03-19 04:58:03 PM +0530"}
{"level":"info","message":"Connected to mongodb successfully","timestamp":"2022-03-19 05:05:28 PM +0530"}
{"level":"info","message":"Server started at port 3000","timestamp":"2022-03-19 05:05:28 PM +0530"}
{"level":"error","message":"Error occurred","timestamp":"2022-03-19 05:05:31 PM +0530"}
{"level":"info","message":"{\"statusCode\":401,\"errorMessage\":\"jwt expired\"}","timestamp":"2022-03-19 05:05:31 PM +0530"}
{"level":"error","message":"jwt expired","timestamp":"2022-03-19 05:05:31 PM +0530"}
{"level":"info","message":"Connected to mongodb successfully","timestamp":"2022-03-19 05:11:58 PM +0530"}
{"level":"info","message":"Server started at port 3000","timestamp":"2022-03-19 05:11:58 PM +0530"}
{"level":"info","message":"Connected to mongodb successfully","timestamp":"2022-03-19 06:52:27 PM +0530"}
{"level":"info","message":"Server started at port 3000","timestamp":"2022-03-19 06:52:27 PM +0530"}
{"level":"info","message":"Connected to mongodb successfully","timestamp":"2022-03-19 06:54:40 PM +0530"}
{"level":"info","message":"Server started at port 3000","timestamp":"2022-03-19 06:54:40 PM +0530"}
{"level":"error","message":"Error occurred","timestamp":"2022-03-19 06:56:20 PM +0530"}
{"level":"info","message":"{\"statusCode\":401,\"errorMessage\":\"No auth token found in the request\"}","timestamp":"2022-03-19 06:56:20 PM +0530"}
{"level":"error","message":"No auth token found in the request","timestamp":"2022-03-19 06:56:20 PM +0530"}
{"level":"info","message":"Connected to mongodb successfully","timestamp":"2022-03-19 06:57:15 PM +0530"}
{"level":"info","message":"Server started at port 3000","timestamp":"2022-03-19 06:57:15 PM +0530"}
{"level":"error","message":"Error occurred","timestamp":"2022-03-19 06:57:49 PM +0530"}
{"level":"info","message":"{\"statusCode\":401,\"errorMessage\":\"No auth token found in the request\"}","timestamp":"2022-03-19 06:57:49 PM +0530"}
{"level":"error","message":"No auth token found in the request","timestamp":"2022-03-19 06:57:49 PM +0530"}
{"level":"info","message":"Connected to mongodb successfully","timestamp":"2022-03-19 08:48:37 PM +0530"}
{"level":"info","message":"Server started at port 3000","timestamp":"2022-03-19 08:48:37 PM +0530"}
{"level":"error","message":"Failed while registering the userundefined","timestamp":"2022-03-19 08:48:51 PM +0530"}
{"level":"error","message":"Error occurred","timestamp":"2022-03-19 08:48:51 PM +0530"}
{"level":"info","message":"{\"statusCode\":401,\"errorMessage\":\"Wrong password entered, please retry\"}","timestamp":"2022-03-19 08:48:51 PM +0530"}
{"level":"error","message":"Wrong password entered, please retry","timestamp":"2022-03-19 08:48:51 PM +0530"}
{"level":"info","message":"Connected to mongodb successfully","timestamp":"2022-03-19 08:52:42 PM +0530"}
{"level":"info","message":"Server started at port 3000","timestamp":"2022-03-19 08:52:42 PM +0530"}
{"level":"info","message":"Connected to mongodb successfully","timestamp":"2022-03-19 08:52:53 PM +0530"}
{"level":"info","message":"Server started at port 3000","timestamp":"2022-03-19 08:52:53 PM +0530"}
{"level":"info","message":"Connected to mongodb successfully","timestamp":"2022-03-19 08:52:57 PM +0530"}
{"level":"info","message":"Server started at port 3000","timestamp":"2022-03-19 08:52:57 PM +0530"}
{"level":"error","message":"Failed while registering the user\"User.create(...).select is not a function\"","timestamp":"2022-03-19 08:53:10 PM +0530"}
{"level":"error","message":"Error occurred","timestamp":"2022-03-19 08:53:10 PM +0530"}
{"level":"info","message":"{\"statusCode\":500,\"errorMessage\":\"Server error occurred\"}","timestamp":"2022-03-19 08:53:10 PM +0530"}
{"level":"error","message":"Server error occurred","timestamp":"2022-03-19 08:53:10 PM +0530"}
{"level":"info","message":"Connected to mongodb successfully","timestamp":"2022-03-19 08:53:24 PM +0530"}
{"level":"info","message":"Server started at port 3000","timestamp":"2022-03-19 08:53:24 PM +0530"}
{"level":"info","message":"Connected to mongodb successfully","timestamp":"2022-03-19 09:28:36 PM +0530"}
{"level":"info","message":"Server started at port 3000","timestamp":"2022-03-19 09:28:36 PM +0530"}
{"level":"error","message":"Error occurred","timestamp":"2022-03-19 09:38:33 PM +0530"}
{"level":"info","message":"{\"statusCode\":401,\"errorMessage\":\"No auth token found in the request\"}","timestamp":"2022-03-19 09:38:33 PM +0530"}
{"level":"error","message":"No auth token found in the request","timestamp":"2022-03-19 09:38:33 PM +0530"}
{"level":"error","message":"Error occurred","timestamp":"2022-03-19 10:04:00 PM +0530"}
{"level":"info","message":"{\"statusCode\":401,\"errorMessage\":\"No auth token found in the request\"}","timestamp":"2022-03-19 10:04:00 PM +0530"}
{"level":"error","message":"No auth token found in the request","timestamp":"2022-03-19 10:04:00 PM +0530"}
{"level":"error","message":"Error occurred","timestamp":"2022-03-19 10:04:01 PM +0530"}
{"level":"info","message":"{\"statusCode\":401,\"errorMessage\":\"No auth token found in the request\"}","timestamp":"2022-03-19 10:04:01 PM +0530"}
{"level":"error","message":"No auth token found in the request","timestamp":"2022-03-19 10:04:01 PM +0530"}
{"level":"error","message":"Error occurred","timestamp":"2022-03-19 10:04:11 PM +0530"}
{"level":"info","message":"{\"statusCode\":401,\"errorMessage\":\"No auth token found in the request\"}","timestamp":"2022-03-19 10:04:11 PM +0530"}
{"level":"error","message":"No auth token found in the request","timestamp":"2022-03-19 10:04:11 PM +0530"}
{"level":"error","message":"Error occurred","timestamp":"2022-03-19 10:04:40 PM +0530"}
{"level":"info","message":"{\"statusCode\":401,\"errorMessage\":\"No auth token found in the request\"}","timestamp":"2022-03-19 10:04:40 PM +0530"}
{"level":"error","message":"No auth token found in the request","timestamp":"2022-03-19 10:04:40 PM +0530"}
{"level":"error","message":"Failed while registering the user\"data and hash arguments required\"","timestamp":"2022-03-19 10:04:56 PM +0530"}
{"level":"error","message":"Error occurred","timestamp":"2022-03-19 10:04:56 PM +0530"}
{"level":"info","message":"{\"statusCode\":500,\"errorMessage\":\"Server error occurred\"}","timestamp":"2022-03-19 10:04:56 PM +0530"}
{"level":"error","message":"Server error occurred","timestamp":"2022-03-19 10:04:56 PM +0530"}
{"level":"error","message":"Failed while registering the user\"data and hash arguments required\"","timestamp":"2022-03-19 10:05:24 PM +0530"}
{"level":"error","message":"Error occurred","timestamp":"2022-03-19 10:05:24 PM +0530"}
{"level":"info","message":"{\"statusCode\":500,\"errorMessage\":\"Server error occurred\"}","timestamp":"2022-03-19 10:05:24 PM +0530"}
{"level":"error","message":"Server error occurred","timestamp":"2022-03-19 10:05:24 PM +0530"}
{"level":"info","message":"Connected to mongodb successfully","timestamp":"2022-03-19 10:06:09 PM +0530"}
{"level":"info","message":"Server started at port 3000","timestamp":"2022-03-19 10:06:09 PM +0530"}
{"level":"error","message":"Error occurred","timestamp":"2022-03-19 10:21:42 PM +0530"}
{"level":"info","message":"{\"statusCode\":401,\"errorMessage\":\"No auth token found in the request\"}","timestamp":"2022-03-19 10:21:42 PM +0530"}
{"level":"error","message":"No auth token found in the request","timestamp":"2022-03-19 10:21:42 PM +0530"}
{"level":"error","message":"Error occurred","timestamp":"2022-03-19 10:21:46 PM +0530"}
{"level":"info","message":"{\"statusCode\":401,\"errorMessage\":\"No auth token found in the request\"}","timestamp":"2022-03-19 10:21:46 PM +0530"}
{"level":"error","message":"No auth token found in the request","timestamp":"2022-03-19 10:21:46 PM +0530"}
{"level":"error","message":"Error occurred","timestamp":"2022-03-19 10:21:52 PM +0530"}
{"level":"info","message":"{\"statusCode\":401,\"errorMessage\":\"No auth token found in the request\"}","timestamp":"2022-03-19 10:21:52 PM +0530"}
{"level":"error","message":"No auth token found in the request","timestamp":"2022-03-19 10:21:52 PM +0530"}
{"level":"error","message":"Error occurred","timestamp":"2022-03-19 10:22:21 PM +0530"}
{"level":"info","message":"{\"statusCode\":401,\"errorMessage\":\"No auth token found in the request\"}","timestamp":"2022-03-19 10:22:21 PM +0530"}
{"level":"error","message":"No auth token found in the request","timestamp":"2022-03-19 10:22:21 PM +0530"}
{"level":"error","message":"Error occurred","timestamp":"2022-03-19 10:22:26 PM +0530"}
{"level":"info","message":"{\"statusCode\":401,\"errorMessage\":\"No auth token found in the request\"}","timestamp":"2022-03-19 10:22:26 PM +0530"}
{"level":"error","message":"No auth token found in the request","timestamp":"2022-03-19 10:22:26 PM +0530"}
{"level":"error","message":"Error occurred","timestamp":"2022-03-19 10:22:44 PM +0530"}
{"level":"info","message":"{\"statusCode\":401,\"errorMessage\":\"No auth token found in the request\"}","timestamp":"2022-03-19 10:22:44 PM +0530"}
{"level":"error","message":"No auth token found in the request","timestamp":"2022-03-19 10:22:44 PM +0530"}
{"level":"error","message":"Error occurred","timestamp":"2022-03-19 10:24:20 PM +0530"}
{"level":"info","message":"{\"statusCode\":401,\"errorMessage\":\"No auth token found in the request\"}","timestamp":"2022-03-19 10:24:20 PM +0530"}
{"level":"error","message":"No auth token found in the request","timestamp":"2022-03-19 10:24:20 PM +0530"}
{"level":"error","message":"Error occurred","timestamp":"2022-03-19 10:24:22 PM +0530"}
{"level":"info","message":"{\"statusCode\":401,\"errorMessage\":\"No auth token found in the request\"}","timestamp":"2022-03-19 10:24:22 PM +0530"}
{"level":"error","message":"No auth token found in the request","timestamp":"2022-03-19 10:24:22 PM +0530"}
{"level":"error","message":"Error occurred","timestamp":"2022-03-19 10:24:30 PM +0530"}
{"level":"info","message":"{\"statusCode\":401,\"errorMessage\":\"No auth token found in the request\"}","timestamp":"2022-03-19 10:24:30 PM +0530"}
{"level":"error","message":"No auth token found in the request","timestamp":"2022-03-19 10:24:30 PM +0530"}
{"level":"error","message":"Error occurred","timestamp":"2022-03-19 10:24:30 PM +0530"}
{"level":"info","message":"{\"statusCode\":401,\"errorMessage\":\"No auth token found in the request\"}","timestamp":"2022-03-19 10:24:30 PM +0530"}
{"level":"error","message":"No auth token found in the request","timestamp":"2022-03-19 10:24:30 PM +0530"}
{"level":"error","message":"Error occurred","timestamp":"2022-03-19 10:35:53 PM +0530"}
{"level":"info","message":"{\"statusCode\":401,\"errorMessage\":\"No auth token found in the request\"}","timestamp":"2022-03-19 10:35:53 PM +0530"}
{"level":"error","message":"No auth token found in the request","timestamp":"2022-03-19 10:35:53 PM +0530"}
{"level":"error","message":"Error in creating Product in: ","timestamp":"2022-03-19 10:48:04 PM +0530"}
{"level":"error","message":"Error occurred","timestamp":"2022-03-19 10:48:04 PM +0530"}
{"level":"info","message":"{\"statusCode\":400,\"errorMessage\":\"Invalid values in the form\"}","timestamp":"2022-03-19 10:48:04 PM +0530"}
{"level":"error","message":"Invalid values in the form","timestamp":"2022-03-19 10:48:04 PM +0530"}
{"level":"error","message":"Error in creating Product in: ","timestamp":"2022-03-19 10:49:44 PM +0530"}
{"level":"error","message":"Error occurred","timestamp":"2022-03-19 10:49:44 PM +0530"}
{"level":"info","message":"{\"statusCode\":400,\"errorMessage\":\"Invalid values in the form\"}","timestamp":"2022-03-19 10:49:44 PM +0530"}
{"level":"error","message":"Invalid values in the form","timestamp":"2022-03-19 10:49:44 PM +0530"}
{"level":"info","message":"Connected to mongodb successfully","timestamp":"2022-03-19 10:50:31 PM +0530"}
{"level":"info","message":"Server started at port 3000","timestamp":"2022-03-19 10:50:31 PM +0530"}
{"level":"error","message":"Error in creating Product in: ","timestamp":"2022-03-19 10:51:34 PM +0530"}
{"level":"error","message":"Error occurred","timestamp":"2022-03-19 10:51:34 PM +0530"}
{"level":"info","message":"{\"statusCode\":400,\"errorMessage\":\"Invalid values in the form\"}","timestamp":"2022-03-19 10:51:34 PM +0530"}
{"level":"error","message":"Invalid values in the form","timestamp":"2022-03-19 10:51:34 PM +0530"}
{"level":"info","message":"Product: asd created successfully","timestamp":"2022-03-19 10:52:42 PM +0530"}
{"level":"info","message":"Product: asd created successfully","timestamp":"2022-03-19 10:53:31 PM +0530"}
{"level":"error","message":"Error in creating Product in: ","timestamp":"2022-03-19 10:55:22 PM +0530"}
{"level":"error","message":"Error occurred","timestamp":"2022-03-19 10:55:22 PM +0530"}
{"level":"info","message":"{\"statusCode\":400,\"errorMessage\":\"Invalid values in the form\"}","timestamp":"2022-03-19 10:55:22 PM +0530"}
{"level":"error","message":"Invalid values in the form","timestamp":"2022-03-19 10:55:22 PM +0530"}
{"level":"info","message":"Product: asdasd created successfully","timestamp":"2022-03-19 10:55:54 PM +0530"}
{"level":"info","message":"Product: asdasd created successfully","timestamp":"2022-03-19 10:56:43 PM +0530"}
{"level":"error","message":"Unable to get the product at the moment","timestamp":"2022-03-19 10:59:34 PM +0530"}
{"level":"error","timestamp":"2022-03-19 10:59:34 PM +0530"}
{"level":"error","message":"Error occurred","timestamp":"2022-03-19 10:59:34 PM +0530"}
{"level":"info","message":"{\"statusCode\":500,\"errorMessage\":\"Server Error Occured\"}","timestamp":"2022-03-19 10:59:34 PM +0530"}
{"level":"error","message":"Server Error Occured","timestamp":"2022-03-19 10:59:34 PM +0530"}
{"level":"info","message":"Product: asdasd deleted successfully","timestamp":"2022-03-19 11:00:17 PM +0530"}
{"level":"info","message":"Product: asdasd deleted successfully","timestamp":"2022-03-19 11:00:21 PM +0530"}
{"level":"info","message":"Product: asd updated successfully","timestamp":"2022-03-19 11:05:09 PM +0530"}
{"level":"info","message":"Product: asd updated successfully","timestamp":"2022-03-19 11:06:27 PM +0530"}
{"level":"info","message":"Product: asd updated successfully","timestamp":"2022-03-19 11:08:06 PM +0530"}
{"level":"info","message":"Connected to mongodb successfully","timestamp":"2022-03-19 11:08:40 PM +0530"}
{"level":"info","message":"Server started at port 3000","timestamp":"2022-03-19 11:08:40 PM +0530"}
{"level":"info","message":"Connected to mongodb successfully","timestamp":"2022-03-19 11:09:04 PM +0530"}
{"level":"info","message":"Server started at port 3000","timestamp":"2022-03-19 11:09:04 PM +0530"}
{"level":"info","message":"Connected to mongodb successfully","timestamp":"2022-03-20 03:53:08 PM +0530"}
{"level":"info","message":"Server started at port 3000","timestamp":"2022-03-20 03:53:08 PM +0530"}
{"level":"error","message":"Error occurred","timestamp":"2022-03-20 03:55:24 PM +0530"}
{"level":"info","message":"{\"statusCode\":401,\"errorMessage\":\"jwt expired\"}","timestamp":"2022-03-20 03:55:24 PM +0530"}
{"level":"error","message":"jwt expired","timestamp":"2022-03-20 03:55:24 PM +0530"}
{"level":"error","message":"Unable to connect to mongodb","timestamp":"2022-03-20 04:33:59 PM +0530"}
{"level":"error","timestamp":"2022-03-20 04:33:59 PM +0530"}
{"level":"info","message":"Connected to mongodb successfully","timestamp":"2022-03-20 04:34:57 PM +0530"}
{"level":"info","message":"Server started at port 3000","timestamp":"2022-03-20 04:34:57 PM +0530"}
{"level":"info","message":"Connected to mongodb successfully","timestamp":"2022-03-23 03:31:55 PM +0530"}
{"level":"info","message":"Server started at port 3000","timestamp":"2022-03-23 03:31:55 PM +0530"}
{"level":"info","message":"Connected to mongodb successfully","timestamp":"2022-03-23 03:32:06 PM +0530"}
{"level":"info","message":"Server started at port 3000","timestamp":"2022-03-23 03:32:06 PM +0530"}
{"level":"info","message":"Connected to mongodb successfully","timestamp":"2022-03-23 03:32:26 PM +0530"}
{"level":"info","message":"Server started at port 3000","timestamp":"2022-03-23 03:32:26 PM +0530"}
{"level":"info","message":"Connected to mongodb successfully","timestamp":"2022-03-23 03:35:02 PM +0530"}
{"level":"info","message":"Server started at port 3000","timestamp":"2022-03-23 03:35:02 PM +0530"}
{"level":"info","message":"Connected to mongodb successfully","timestamp":"2022-03-23 03:35:07 PM +0530"}
{"level":"info","message":"Server started at port 3000","timestamp":"2022-03-23 03:35:07 PM +0530"}
{"level":"info","message":"Connected to mongodb successfully","timestamp":"2022-03-23 03:35:33 PM +0530"}
{"level":"info","message":"Server started at port 3000","timestamp":"2022-03-23 03:35:33 PM +0530"}
{"level":"info","message":"Connected to mongodb successfully","timestamp":"2022-03-23 03:37:43 PM +0530"}
{"level":"info","message":"Server started at port 3000","timestamp":"2022-03-23 03:37:43 PM +0530"}
{"level":"error","message":"Failed to fetch products","timestamp":"2022-03-23 03:37:45 PM +0530"}
{"level":"error","message":"Error occurred","timestamp":"2022-03-23 03:37:45 PM +0530"}
{"level":"info","message":"{\"statusCode\":500,\"errorMessage\":\"Server Error occured\"}","timestamp":"2022-03-23 03:37:45 PM +0530"}
{"level":"error","message":"Server Error occured","timestamp":"2022-03-23 03:37:45 PM +0530"}
{"level":"info","message":"Connected to mongodb successfully","timestamp":"2022-03-23 03:38:53 PM +0530"}
{"level":"info","message":"Server started at port 3000","timestamp":"2022-03-23 03:38:53 PM +0530"}
{"level":"error","message":"Failed to fetch products Converting circular structure to JSON\n    --> starting at object with constructor 'ClientRequest'\n    |     property 'socket' -> object with constructor 'TLSSocket'\n    --- property '_httpMessage' closes the circle","stack":"TypeError: Converting circular structure to JSON\n    --> starting at object with constructor 'ClientRequest'\n    |     property 'socket' -> object with constructor 'TLSSocket'\n    --- property '_httpMessage' closes the circle\n    at JSON.stringify (<anonymous>)\n    at stringify (D:\\Study\\College\\VI_SEM\\Honors\\backend\\node_modules\\express\\lib\\response.js:1128:12)\n    at ServerResponse.json (D:\\Study\\College\\VI_SEM\\Honors\\backend\\node_modules\\express\\lib\\response.js:260:14)\n    at ServerResponse.send (D:\\Study\\College\\VI_SEM\\Honors\\backend\\node_modules\\express\\lib\\response.js:158:21)\n    at D:\\Study\\College\\VI_SEM\\Honors\\backend\\Controllers\\ProductController.js:246:17\n    at processTicksAndRejections (node:internal/process/task_queues:96:5)","timestamp":"2022-03-23 03:38:59 PM +0530"}
{"level":"error","message":"Error occurred","timestamp":"2022-03-23 03:38:59 PM +0530"}
{"level":"info","message":"{\"statusCode\":500,\"errorMessage\":\"Server Error occured\"}","timestamp":"2022-03-23 03:38:59 PM +0530"}
{"level":"error","message":"Server Error occured","timestamp":"2022-03-23 03:38:59 PM +0530"}
{"level":"info","message":"Connected to mongodb successfully","timestamp":"2022-03-23 03:40:00 PM +0530"}
{"level":"info","message":"Server started at port 3000","timestamp":"2022-03-23 03:40:00 PM +0530"}
{"level":"info","message":"Connected to mongodb successfully","timestamp":"2022-03-23 03:46:46 PM +0530"}
{"level":"info","message":"Server started at port 3000","timestamp":"2022-03-23 03:46:46 PM +0530"}
{"level":"info","message":"Connected to mongodb successfully","timestamp":"2022-03-23 03:48:32 PM +0530"}
{"level":"info","message":"Server started at port 3000","timestamp":"2022-03-23 03:48:32 PM +0530"}
{"level":"info","message":"Connected to mongodb successfully","timestamp":"2022-03-23 03:50:15 PM +0530"}
{"level":"info","message":"Server started at port 3000","timestamp":"2022-03-23 03:50:15 PM +0530"}
{"level":"info","message":"Connected to mongodb successfully","timestamp":"2022-03-23 03:55:29 PM +0530"}
{"level":"info","message":"Server started at port 3000","timestamp":"2022-03-23 03:55:29 PM +0530"}
{"level":"info","message":"Connected to mongodb successfully","timestamp":"2022-03-23 03:56:16 PM +0530"}
{"level":"info","message":"Server started at port 3000","timestamp":"2022-03-23 03:56:16 PM +0530"}
{"level":"info","message":"Connected to mongodb successfully","timestamp":"2022-03-23 03:58:26 PM +0530"}
{"level":"info","message":"Server started at port 3000","timestamp":"2022-03-23 03:58:26 PM +0530"}
{"level":"info","message":"Connected to mongodb successfully","timestamp":"2022-03-23 03:58:30 PM +0530"}
{"level":"info","message":"Server started at port 3000","timestamp":"2022-03-23 03:58:30 PM +0530"}
{"level":"error","message":"Failed to fetch products response.data.foreach is not a function","stack":"TypeError: response.data.foreach is not a function\n    at D:\\Study\\College\\VI_SEM\\Honors\\backend\\Controllers\\ProductController.js:248:27\n    at processTicksAndRejections (node:internal/process/task_queues:96:5)","timestamp":"2022-03-23 03:58:34 PM +0530"}
{"level":"error","message":"Error occurred","timestamp":"2022-03-23 03:58:34 PM +0530"}
{"level":"info","message":"{\"statusCode\":500,\"errorMessage\":\"Server Error occured\"}","timestamp":"2022-03-23 03:58:34 PM +0530"}
{"level":"error","message":"Server Error occured","timestamp":"2022-03-23 03:58:34 PM +0530"}
{"level":"info","message":"Connected to mongodb successfully","timestamp":"2022-03-23 03:58:44 PM +0530"}
{"level":"info","message":"Server started at port 3000","timestamp":"2022-03-23 03:58:44 PM +0530"}
{"level":"error","message":"Unable to add product","timestamp":"2022-03-23 03:58:46 PM +0530"}
{"level":"error","message":"{\"errors\":{\"price\":{\"name\":\"ValidatorError\",\"message\":\"Path `price` is required.\",\"properties\":{\"message\":\"Path `price` is required.\",\"type\":\"required\",\"path\":\"price\"},\"kind\":\"required\",\"path\":\"price\"}},\"_message\":\"Product validation failed\",\"name\":\"ValidationError\",\"message\":\"Product validation failed: price: Path `price` is required.\"}","timestamp":"2022-03-23 03:58:46 PM +0530"}
{"level":"info","message":"Connected to mongodb successfully","timestamp":"2022-03-23 03:58:59 PM +0530"}
{"level":"info","message":"Server started at port 3000","timestamp":"2022-03-23 03:58:59 PM +0530"}
{"level":"info","message":"Connected to mongodb successfully","timestamp":"2022-04-05 10:59:45 PM +0530"}
{"level":"info","message":"Server started at port 3000","timestamp":"2022-04-05 10:59:45 PM +0530"}
{"level":"error","message":"Unable to add product","timestamp":"2022-04-05 11:01:09 PM +0530"}
{"level":"error","message":"{\"errors\":{\"description\":{\"name\":\"ValidatorError\",\"message\":\"Path `description` is required.\",\"properties\":{\"message\":\"Path `description` is required.\",\"type\":\"required\",\"path\":\"description\",\"value\":\"\"},\"kind\":\"required\",\"path\":\"description\",\"value\":\"\"}},\"_message\":\"Category validation failed\",\"name\":\"ValidationError\",\"message\":\"Category validation failed: description: Path `description` is required.\"}","timestamp":"2022-04-05 11:01:09 PM +0530"}
{"level":"info","message":"Connected to mongodb successfully","timestamp":"2022-04-05 11:01:53 PM +0530"}
{"level":"info","message":"Server started at port 3000","timestamp":"2022-04-05 11:01:53 PM +0530"}
{"level":"info","message":"Connected to mongodb successfully","timestamp":"2022-04-05 11:05:16 PM +0530"}
{"level":"info","message":"Server started at port 3000","timestamp":"2022-04-05 11:05:16 PM +0530"}
{"level":"error","message":"Unable to add product","timestamp":"2022-04-05 11:05:30 PM +0530"}
{"level":"error","message":"{\"errors\":{\"category\":{\"stringValue\":\"\\\"{\\n  acknowledged: true,\\n  modifiedCount: 0,\\n  upsertedId: new ObjectId(\\\"624c7de63abf54ca1ccf1f71\\\"),\\n  upsertedCount: 1,\\n  matchedCount: 0\\n}\\\"\",\"valueType\":\"Object\",\"kind\":\"ObjectId\",\"value\":{\"acknowledged\":true,\"modifiedCount\":0,\"upsertedId\":\"624c7de63abf54ca1ccf1f71\",\"upsertedCount\":1,\"matchedCount\":0},\"path\":\"category\",\"reason\":{},\"name\":\"CastError\",\"message\":\"Cast to ObjectId failed for value \\\"{\\n  acknowledged: true,\\n  modifiedCount: 0,\\n  upsertedId: new ObjectId(\\\"624c7de63abf54ca1ccf1f71\\\"),\\n  upsertedCount: 1,\\n  matchedCount: 0\\n}\\\" (type Object) at path \\\"category\\\"\"}},\"_message\":\"Product validation failed\",\"name\":\"ValidationError\",\"message\":\"Product validation failed: category: Cast to ObjectId failed for value \\\"{\\n  acknowledged: true,\\n  modifiedCount: 0,\\n  upsertedId: new ObjectId(\\\"624c7de63abf54ca1ccf1f71\\\"),\\n  upsertedCount: 1,\\n  matchedCount: 0\\n}\\\" (type Object) at path \\\"category\\\"\"}","timestamp":"2022-04-05 11:05:30 PM +0530"}
{"level":"info","message":"Connected to mongodb successfully","timestamp":"2022-04-05 11:07:13 PM +0530"}
{"level":"info","message":"Server started at port 3000","timestamp":"2022-04-05 11:07:13 PM +0530"}
{"level":"info","message":"Connected to mongodb successfully","timestamp":"2022-04-05 11:07:25 PM +0530"}
{"level":"info","message":"Server started at port 3000","timestamp":"2022-04-05 11:07:25 PM +0530"}
{"level":"info","message":"Connected to mongodb successfully","timestamp":"2022-04-05 11:07:39 PM +0530"}
{"level":"info","message":"Server started at port 3000","timestamp":"2022-04-05 11:07:39 PM +0530"}
{"level":"error","message":"Unable to add product","timestamp":"2022-04-05 11:07:50 PM +0530"}
{"level":"error","message":"{\"errors\":{\"category\":{\"stringValue\":\"\\\"{ acknowledged: false }\\\"\",\"valueType\":\"Object\",\"kind\":\"ObjectId\",\"value\":{\"acknowledged\":false},\"path\":\"category\",\"reason\":{},\"name\":\"CastError\",\"message\":\"Cast to ObjectId failed for value \\\"{ acknowledged: false }\\\" (type Object) at path \\\"category\\\"\"}},\"_message\":\"Product validation failed\",\"name\":\"ValidationError\",\"message\":\"Product validation failed: category: Cast to ObjectId failed for value \\\"{ acknowledged: false }\\\" (type Object) at path \\\"category\\\"\"}","timestamp":"2022-04-05 11:07:50 PM +0530"}
{"level":"info","message":"Connected to mongodb successfully","timestamp":"2022-04-05 11:08:36 PM +0530"}
{"level":"info","message":"Server started at port 3000","timestamp":"2022-04-05 11:08:36 PM +0530"}
{"level":"error","message":"Unable to add product","timestamp":"2022-04-05 11:08:43 PM +0530"}
{"level":"error","message":"{\"errors\":{\"category\":{\"name\":\"ValidatorError\",\"message\":\"Path `category` is required.\",\"properties\":{\"message\":\"Path `category` is required.\",\"type\":\"required\",\"path\":\"category\"},\"kind\":\"required\",\"path\":\"category\"}},\"_message\":\"Product validation failed\",\"name\":\"ValidationError\",\"message\":\"Product validation failed: category: Path `category` is required.\"}","timestamp":"2022-04-05 11:08:43 PM +0530"}
{"level":"info","message":"Connected to mongodb successfully","timestamp":"2022-04-05 11:09:09 PM +0530"}
{"level":"info","message":"Server started at port 3000","timestamp":"2022-04-05 11:09:09 PM +0530"}
{"level":"info","message":"Connected to mongodb successfully","timestamp":"2022-04-05 11:09:11 PM +0530"}
{"level":"info","message":"Server started at port 3000","timestamp":"2022-04-05 11:09:11 PM +0530"}
{"level":"error","message":"Unable to add product","timestamp":"2022-04-05 11:09:16 PM +0530"}
{"level":"error","message":"{\"errors\":{\"category\":{\"stringValue\":\"\\\"men's clothing\\\"\",\"valueType\":\"string\",\"kind\":\"ObjectId\",\"value\":\"men's clothing\",\"path\":\"category\",\"reason\":{},\"name\":\"CastError\",\"message\":\"Cast to ObjectId failed for value \\\"men's clothing\\\" (type string) at path \\\"category\\\"\"}},\"_message\":\"Product validation failed\",\"name\":\"ValidationError\",\"message\":\"Product validation failed: category: Cast to ObjectId failed for value \\\"men's clothing\\\" (type string) at path \\\"category\\\"\"}","timestamp":"2022-04-05 11:09:16 PM +0530"}
{"level":"info","message":"Connected to mongodb successfully","timestamp":"2022-04-05 11:10:16 PM +0530"}
{"level":"info","message":"Server started at port 3000","timestamp":"2022-04-05 11:10:16 PM +0530"}
{"level":"error","message":"Unable to add product","timestamp":"2022-04-05 11:10:23 PM +0530"}
{"level":"error","message":"{\"errors\":{\"category\":{\"stringValue\":\"\\\"men's clothing\\\"\",\"valueType\":\"string\",\"kind\":\"ObjectId\",\"value\":\"men's clothing\",\"path\":\"category\",\"reason\":{},\"name\":\"CastError\",\"message\":\"Cast to ObjectId failed for value \\\"men's clothing\\\" (type string) at path \\\"category\\\"\"}},\"_message\":\"Product validation failed\",\"name\":\"ValidationError\",\"message\":\"Product validation failed: category: Cast to ObjectId failed for value \\\"men's clothing\\\" (type string) at path \\\"category\\\"\"}","timestamp":"2022-04-05 11:10:23 PM +0530"}
{"level":"info","message":"Connected to mongodb successfully","timestamp":"2022-04-05 11:11:05 PM +0530"}
{"level":"info","message":"Server started at port 3000","timestamp":"2022-04-05 11:11:05 PM +0530"}
{"level":"error","message":"Unable to add product","timestamp":"2022-04-05 11:11:14 PM +0530"}
{"level":"error","message":"{\"errors\":{\"category\":{\"stringValue\":\"\\\"men's clothing\\\"\",\"valueType\":\"string\",\"kind\":\"ObjectId\",\"value\":\"men's clothing\",\"path\":\"category\",\"reason\":{},\"name\":\"CastError\",\"message\":\"Cast to ObjectId failed for value \\\"men's clothing\\\" (type string) at path \\\"category\\\"\"}},\"_message\":\"Product validation failed\",\"name\":\"ValidationError\",\"message\":\"Product validation failed: category: Cast to ObjectId failed for value \\\"men's clothing\\\" (type string) at path \\\"category\\\"\"}","timestamp":"2022-04-05 11:11:14 PM +0530"}
{"level":"info","message":"Connected to mongodb successfully","timestamp":"2022-04-05 11:11:46 PM +0530"}
{"level":"info","message":"Server started at port 3000","timestamp":"2022-04-05 11:11:46 PM +0530"}
{"level":"info","message":"Connected to mongodb successfully","timestamp":"2022-04-05 11:12:29 PM +0530"}
{"level":"info","message":"Server started at port 3000","timestamp":"2022-04-05 11:12:29 PM +0530"}
{"level":"error","message":"Unable to add product","timestamp":"2022-04-05 11:12:53 PM +0530"}
{"level":"error","message":"{}","timestamp":"2022-04-05 11:12:53 PM +0530"}
{"level":"info","message":"Connected to mongodb successfully","timestamp":"2022-04-05 11:13:26 PM +0530"}
{"level":"info","message":"Server started at port 3000","timestamp":"2022-04-05 11:13:26 PM +0530"}
{"level":"error","message":"Unable to add product","timestamp":"2022-04-05 11:13:44 PM +0530"}
{"level":"error","message":"{\"errors\":{\"category\":{\"name\":\"ValidatorError\",\"message\":\"Path `category` is required.\",\"properties\":{\"message\":\"Path `category` is required.\",\"type\":\"required\",\"path\":\"category\"},\"kind\":\"required\",\"path\":\"category\"}},\"_message\":\"Product validation failed\",\"name\":\"ValidationError\",\"message\":\"Product validation failed: category: Path `category` is required.\"}","timestamp":"2022-04-05 11:13:44 PM +0530"}
{"level":"info","message":"Connected to mongodb successfully","timestamp":"2022-04-05 11:16:18 PM +0530"}
{"level":"info","message":"Server started at port 3000","timestamp":"2022-04-05 11:16:18 PM +0530"}
{"level":"info","message":"Connected to mongodb successfully","timestamp":"2022-04-05 11:19:29 PM +0530"}
{"level":"info","message":"Server started at port 3000","timestamp":"2022-04-05 11:19:29 PM +0530"}
{"code":"ECONNRESET","config":{"headers":{"Accept":"application/json, text/plain, */*","User-Agent":"axios/0.24.0"},"maxBodyLength":-1,"maxContentLength":-1,"method":"get","timeout":0,"transformRequest":[null],"transformResponse":[null],"transitional":{"clarifyTimeoutError":false,"forcedJSONParsing":true,"silentJSONParsing":true},"url":"https://fakestoreapi.com/products","xsrfCookieName":"XSRF-TOKEN","xsrfHeaderName":"X-XSRF-TOKEN"},"message":"Failed to fetch products read ECONNRESET","stack":"Error: read ECONNRESET\n    at TLSWrap.onStreamRead (node:internal/stream_base_commons:220:20)","status":null}
{"level":"error","message":"Error occurred","timestamp":"2022-04-05 11:19:56 PM +0530"}
{"level":"info","message":"{\"statusCode\":500,\"errorMessage\":\"Server Error occured\"}","timestamp":"2022-04-05 11:19:56 PM +0530"}
{"level":"error","message":"Server Error occured","timestamp":"2022-04-05 11:19:56 PM +0530"}
{"level":"info","message":"Connected to mongodb successfully","timestamp":"2022-04-05 11:20:44 PM +0530"}
{"level":"info","message":"Server started at port 3000","timestamp":"2022-04-05 11:20:44 PM +0530"}
{"level":"info","message":"Connected to mongodb successfully","timestamp":"2022-04-05 11:23:00 PM +0530"}
{"level":"info","message":"Server started at port 3000","timestamp":"2022-04-05 11:23:00 PM +0530"}
{"level":"info","message":"Connected to mongodb successfully","timestamp":"2022-04-05 11:23:11 PM +0530"}
{"level":"info","message":"Server started at port 3000","timestamp":"2022-04-05 11:23:11 PM +0530"}
{"level":"info","message":"Connected to mongodb successfully","timestamp":"2022-04-05 11:24:47 PM +0530"}
{"level":"info","message":"Server started at port 3000","timestamp":"2022-04-05 11:24:47 PM +0530"}
{"level":"info","message":"Connected to mongodb successfully","timestamp":"2022-04-05 11:25:28 PM +0530"}
{"level":"info","message":"Server started at port 3000","timestamp":"2022-04-05 11:25:28 PM +0530"}
{"level":"info","message":"Connected to mongodb successfully","timestamp":"2022-04-05 11:25:46 PM +0530"}
{"level":"info","message":"Server started at port 3000","timestamp":"2022-04-05 11:25:46 PM +0530"}
{"level":"info","message":"Connected to mongodb successfully","timestamp":"2022-04-06 03:46:02 PM +0530"}
{"level":"info","message":"Server started at port 3000","timestamp":"2022-04-06 03:46:02 PM +0530"}
{"level":"info","message":"Connected to mongodb successfully","timestamp":"2022-04-06 03:54:26 PM +0530"}
{"level":"info","message":"Server started at port 3000","timestamp":"2022-04-06 03:54:26 PM +0530"}
{"level":"info","message":"Connected to mongodb successfully","timestamp":"2022-04-06 03:54:39 PM +0530"}
{"level":"info","message":"Server started at port 3000","timestamp":"2022-04-06 03:54:39 PM +0530"}
{"level":"info","message":"Connected to mongodb successfully","timestamp":"2022-04-06 03:56:11 PM +0530"}
{"level":"info","message":"Server started at port 3000","timestamp":"2022-04-06 03:56:11 PM +0530"}
{"level":"info","message":"Connected to mongodb successfully","timestamp":"2022-04-06 03:56:32 PM +0530"}
{"level":"info","message":"Server started at port 3000","timestamp":"2022-04-06 03:56:32 PM +0530"}
{"level":"info","message":"Connected to mongodb successfully","timestamp":"2022-04-06 03:58:59 PM +0530"}
{"level":"info","message":"Server started at port 3000","timestamp":"2022-04-06 03:58:59 PM +0530"}
{"level":"info","message":"Connected to mongodb successfully","timestamp":"2022-04-06 03:59:03 PM +0530"}
{"level":"info","message":"Server started at port 3000","timestamp":"2022-04-06 03:59:03 PM +0530"}
{"level":"info","message":"Connected to mongodb successfully","timestamp":"2022-04-06 03:59:16 PM +0530"}
{"level":"info","message":"Server started at port 3000","timestamp":"2022-04-06 03:59:16 PM +0530"}
{"level":"info","message":"Connected to mongodb successfully","timestamp":"2022-04-06 03:59:18 PM +0530"}
{"level":"info","message":"Server started at port 3000","timestamp":"2022-04-06 03:59:18 PM +0530"}
{"level":"info","message":"Connected to mongodb successfully","timestamp":"2022-04-06 03:59:48 PM +0530"}
{"level":"info","message":"Server started at port 3000","timestamp":"2022-04-06 03:59:48 PM +0530"}
{"level":"info","message":"Connected to mongodb successfully","timestamp":"2022-04-06 03:59:51 PM +0530"}
{"level":"info","message":"Server started at port 3000","timestamp":"2022-04-06 03:59:51 PM +0530"}
{"level":"info","message":"Connected to mongodb successfully","timestamp":"2022-04-06 03:59:54 PM +0530"}
{"level":"info","message":"Server started at port 3000","timestamp":"2022-04-06 03:59:54 PM +0530"}
{"level":"info","message":"Connected to mongodb successfully","timestamp":"2022-04-06 04:00:11 PM +0530"}
{"level":"info","message":"Server started at port 3000","timestamp":"2022-04-06 04:00:11 PM +0530"}
{"level":"info","message":"Connected to mongodb successfully","timestamp":"2022-04-06 04:00:42 PM +0530"}
{"level":"info","message":"Server started at port 3000","timestamp":"2022-04-06 04:00:42 PM +0530"}
{"level":"error","message":"Error occurred","timestamp":"2022-04-06 04:10:14 PM +0530"}
{"level":"info","message":"{\"statusCode\":401,\"errorMessage\":\"jwt expired\"}","timestamp":"2022-04-06 04:10:14 PM +0530"}
{"level":"error","message":"jwt expired","timestamp":"2022-04-06 04:10:14 PM +0530"}
{"level":"error","message":"Error occurred","timestamp":"2022-04-06 04:10:14 PM +0530"}
{"level":"info","message":"{\"statusCode\":401,\"errorMessage\":\"jwt expired\"}","timestamp":"2022-04-06 04:10:14 PM +0530"}
{"level":"error","message":"jwt expired","timestamp":"2022-04-06 04:10:14 PM +0530"}
{"level":"info","message":"Connected to mongodb successfully","timestamp":"2022-04-06 04:19:50 PM +0530"}
{"level":"info","message":"Server started at port 3000","timestamp":"2022-04-06 04:19:50 PM +0530"}
{"level":"info","message":"Connected to mongodb successfully","timestamp":"2022-04-06 04:23:28 PM +0530"}
{"level":"info","message":"Server started at port 3000","timestamp":"2022-04-06 04:23:28 PM +0530"}
{"level":"error","message":"Error occurred","timestamp":"2022-04-06 04:33:28 PM +0530"}
{"level":"info","message":"{\"statusCode\":401,\"errorMessage\":\"jwt expired\"}","timestamp":"2022-04-06 04:33:28 PM +0530"}
{"level":"error","message":"jwt expired","timestamp":"2022-04-06 04:33:28 PM +0530"}
{"level":"error","message":"Error occurred","timestamp":"2022-04-06 04:33:28 PM +0530"}
{"level":"info","message":"{\"statusCode\":401,\"errorMessage\":\"jwt expired\"}","timestamp":"2022-04-06 04:33:28 PM +0530"}
{"level":"error","message":"jwt expired","timestamp":"2022-04-06 04:33:28 PM +0530"}
{"level":"info","message":"Product: Opna Women's Short Sleeve Moisture deleted successfully","timestamp":"2022-04-06 04:42:49 PM +0530"}
{"level":"info","message":"Connected to mongodb successfully","timestamp":"2022-04-06 04:44:40 PM +0530"}
{"level":"info","message":"Server started at port 3000","timestamp":"2022-04-06 04:44:40 PM +0530"}
{"level":"info","message":"Connected to mongodb successfully","timestamp":"2022-04-06 04:45:19 PM +0530"}
{"level":"info","message":"Server started at port 3000","timestamp":"2022-04-06 04:45:19 PM +0530"}
{"level":"info","message":"Connected to mongodb successfully","timestamp":"2022-04-06 11:01:16 PM +0530"}
{"level":"info","message":"Server started at port 3000","timestamp":"2022-04-06 11:01:16 PM +0530"}
{"level":"info","message":"Connected to mongodb successfully","timestamp":"2022-04-06 11:01:50 PM +0530"}
{"level":"info","message":"Server started at port 3000","timestamp":"2022-04-06 11:01:50 PM +0530"}
{"level":"error","message":"Error occurred","timestamp":"2022-04-06 11:05:19 PM +0530"}
{"level":"info","message":"{\"statusCode\":401,\"errorMessage\":\"jwt expired\"}","timestamp":"2022-04-06 11:05:19 PM +0530"}
{"level":"error","message":"jwt expired","timestamp":"2022-04-06 11:05:19 PM +0530"}
{"level":"error","message":"Error occurred","timestamp":"2022-04-06 11:05:19 PM +0530"}
{"level":"info","message":"{\"statusCode\":401,\"errorMessage\":\"jwt expired\"}","timestamp":"2022-04-06 11:05:19 PM +0530"}
{"level":"error","message":"jwt expired","timestamp":"2022-04-06 11:05:19 PM +0530"}
{"level":"info","message":"Connected to mongodb successfully","timestamp":"2022-04-06 11:38:34 PM +0530"}
{"level":"info","message":"Server started at port 3000","timestamp":"2022-04-06 11:38:34 PM +0530"}
{"level":"info","message":"Connected to mongodb successfully","timestamp":"2022-04-06 11:39:01 PM +0530"}
{"level":"info","message":"Server started at port 3000","timestamp":"2022-04-06 11:39:01 PM +0530"}
{"level":"info","message":"Connected to mongodb successfully","timestamp":"2022-04-06 11:39:31 PM +0530"}
{"level":"info","message":"Server started at port 3000","timestamp":"2022-04-06 11:39:31 PM +0530"}
{"level":"info","message":"Connected to mongodb successfully","timestamp":"2022-04-06 11:44:59 PM +0530"}
{"level":"info","message":"Server started at port 3000","timestamp":"2022-04-06 11:44:59 PM +0530"}
{"level":"info","message":"Connected to mongodb successfully","timestamp":"2022-04-06 11:46:26 PM +0530"}
{"level":"info","message":"Server started at port 3000","timestamp":"2022-04-06 11:46:26 PM +0530"}
{"level":"info","message":"Connected to mongodb successfully","timestamp":"2022-04-06 11:47:08 PM +0530"}
{"level":"info","message":"Server started at port 3000","timestamp":"2022-04-06 11:47:08 PM +0530"}
{"level":"info","message":"Connected to mongodb successfully","timestamp":"2022-04-06 11:50:24 PM +0530"}
{"level":"info","message":"Server started at port 3000","timestamp":"2022-04-06 11:50:24 PM +0530"}
{"level":"error","message":"Error occurred","timestamp":"2022-04-06 11:55:18 PM +0530"}
{"level":"info","message":"{\"statusCode\":401,\"errorMessage\":\"jwt expired\"}","timestamp":"2022-04-06 11:55:18 PM +0530"}
{"level":"error","message":"jwt expired","timestamp":"2022-04-06 11:55:18 PM +0530"}
{"level":"error","message":"Error in creating Product in: ","timestamp":"2022-04-07 12:01:37 AM +0530"}
{"level":"error","message":"Error occurred","timestamp":"2022-04-07 12:01:37 AM +0530"}
{"level":"info","message":"{\"statusCode\":400,\"errorMessage\":\"Invalid values in the form\"}","timestamp":"2022-04-07 12:01:37 AM +0530"}
{"level":"error","message":"Invalid values in the form","timestamp":"2022-04-07 12:01:37 AM +0530"}
{"level":"error","message":"Error in creating Product in: ","timestamp":"2022-04-07 12:02:53 AM +0530"}
{"level":"error","message":"Error occurred","timestamp":"2022-04-07 12:02:53 AM +0530"}
{"level":"info","message":"{\"statusCode\":400,\"errorMessage\":\"Invalid values in the form\"}","timestamp":"2022-04-07 12:02:53 AM +0530"}
{"level":"error","message":"Invalid values in the form","timestamp":"2022-04-07 12:02:53 AM +0530"}
{"level":"error","message":"Error in creating Product in: ","timestamp":"2022-04-07 12:04:30 AM +0530"}
{"level":"error","message":"Error occurred","timestamp":"2022-04-07 12:04:30 AM +0530"}
{"level":"info","message":"{\"statusCode\":400,\"errorMessage\":\"Invalid values in the form\"}","timestamp":"2022-04-07 12:04:30 AM +0530"}
{"level":"error","message":"Invalid values in the form","timestamp":"2022-04-07 12:04:30 AM +0530"}
{"level":"error","message":"Error in creating Product in: ","timestamp":"2022-04-07 12:06:10 AM +0530"}
{"level":"error","message":"Error occurred","timestamp":"2022-04-07 12:06:10 AM +0530"}
{"level":"info","message":"{\"statusCode\":400,\"errorMessage\":\"Invalid values in the form\"}","timestamp":"2022-04-07 12:06:10 AM +0530"}
{"level":"error","message":"Invalid values in the form","timestamp":"2022-04-07 12:06:10 AM +0530"}
{"level":"error","message":"Error in creating Product in: ","timestamp":"2022-04-07 12:06:32 AM +0530"}
{"level":"error","message":"Error occurred","timestamp":"2022-04-07 12:06:32 AM +0530"}
{"level":"info","message":"{\"statusCode\":400,\"errorMessage\":\"Invalid values in the form\"}","timestamp":"2022-04-07 12:06:32 AM +0530"}
{"level":"error","message":"Invalid values in the form","timestamp":"2022-04-07 12:06:32 AM +0530"}
{"level":"error","message":"Error in creating Product in: ","timestamp":"2022-04-07 12:07:19 AM +0530"}
{"level":"error","message":"Error occurred","timestamp":"2022-04-07 12:07:19 AM +0530"}
{"level":"info","message":"{\"statusCode\":400,\"errorMessage\":\"Invalid values in the form\"}","timestamp":"2022-04-07 12:07:19 AM +0530"}
{"level":"error","message":"Invalid values in the form","timestamp":"2022-04-07 12:07:19 AM +0530"}
{"level":"info","message":"Product: Shirt created successfully","timestamp":"2022-04-07 12:07:40 AM +0530"}
{"level":"info","message":"Product: Practical Linux Forensics updated successfully","timestamp":"2022-04-07 12:25:03 AM +0530"}
